Docker Toolbox detected
Handling lib "wifi"...
Handling lib "js-demo-bundle"...
Handling lib "core"...
Handling lib "mjs"...
The --lib flag was not given for "wifi", checking repository
The --lib flag was not given for "core", checking repository
The --lib flag was not given for "js-demo-bundle", checking repository
The --lib flag was not given for "mjs", checking repository
Repository "C:\\Users\\juano\\Escritorio\\Mongoose_W2\\SPI\\deps\\js-demo-bundle" does not exist, cloning...

Repository "C:\\Users\\juano\\Escritorio\\Mongoose_W2\\SPI\\deps\\core" does not exist, cloning...

Repository "C:\\Users\\juano\\Escritorio\\Mongoose_W2\\SPI\\deps\\wifi" does not exist, cloning...

Repository "C:\\Users\\juano\\Escritorio\\Mongoose_W2\\SPI\\deps\\mjs" does not exist, cloning...

Hash is updated: "" -> "b41627b2ac06699518935eea0ac8b5ae96498305"
Falling back to sources for "core" (failed to fetch prebuilt binary: got 404 status code when accessed https://github.com/mongoose-os-libs/core/releases/download/2.4.2/libcore-esp8266.a)
Prepared local dir: "C:\\Users\\juano\\Escritorio\\Mongoose_W2\\SPI\\deps\\core"
Handling lib "mongoose"...
Handling lib "vfs-dev-part"...
Handling lib "vfs-fs-spiffs"...
The --lib flag was not given for "mongoose", checking repository
The --lib flag was not given for "vfs-dev-part", checking repository
The --lib flag was not given for "vfs-fs-spiffs", checking repository
Repository "C:\\Users\\juano\\Escritorio\\Mongoose_W2\\SPI\\deps\\mongoose" does not exist, cloning...

Repository "C:\\Users\\juano\\Escritorio\\Mongoose_W2\\SPI\\deps\\vfs-dev-part" does not exist, cloning...

Repository "C:\\Users\\juano\\Escritorio\\Mongoose_W2\\SPI\\deps\\vfs-fs-spiffs" does not exist, cloning...

Hash is updated: "" -> "a335fa3bc7868d137ca653d9695bed9214ad5132"
Falling back to sources for "wifi" (failed to fetch prebuilt binary: got 404 status code when accessed https://github.com/mongoose-os-libs/wifi/releases/download/2.4.2/libwifi-esp8266.a)
Prepared local dir: "C:\\Users\\juano\\Escritorio\\Mongoose_W2\\SPI\\deps\\wifi"
Hash is updated: "" -> "fc441ec895c558b021ad9a836765c447691c7ff1"
Falling back to sources for "vfs-dev-part" (failed to fetch prebuilt binary: got 404 status code when accessed https://github.com/mongoose-os-libs/vfs-dev-part/releases/download/2.4.2/libvfs-dev-part-esp8266.a)
Prepared local dir: "C:\\Users\\juano\\Escritorio\\Mongoose_W2\\SPI\\deps\\vfs-dev-part"
Handling lib "vfs-common"...
The --lib flag was not given for "vfs-common", checking repository
Repository "C:\\Users\\juano\\Escritorio\\Mongoose_W2\\SPI\\deps\\vfs-common" does not exist, cloning...

Hash is updated: "" -> "c6063cb57eb6afd24941f822b11d4a01ae28da4c"
Hash is updated: "" -> "77f1c808ad881268aed6aef06b634af528660656"
Hash is updated: "" -> "881e5e08c137049649267b75487552e6a937366b"
Falling back to sources for "vfs-fs-spiffs" (failed to fetch prebuilt binary: got 404 status code when accessed https://github.com/mongoose-os-libs/vfs-fs-spiffs/releases/download/2.4.2/libvfs-fs-spiffs-esp8266.a)
Prepared local dir: "C:\\Users\\juano\\Escritorio\\Mongoose_W2\\SPI\\deps\\vfs-fs-spiffs"
Falling back to sources for "mjs" (failed to fetch prebuilt binary: got 404 status code when accessed https://github.com/mongoose-os-libs/mjs/releases/download/2.4.2/libmjs-esp8266.a)
Prepared local dir: "C:\\Users\\juano\\Escritorio\\Mongoose_W2\\SPI\\deps\\mjs"
Hash is updated: "" -> "198ce6e3c9648f83d8c50e9e2b39cb8b5d5030bd"
Falling back to sources for "vfs-common" (failed to fetch prebuilt binary: got 404 status code when accessed https://github.com/mongoose-os-libs/vfs-common/releases/download/2.4.2/libvfs-common-esp8266.a)
Prepared local dir: "C:\\Users\\juano\\Escritorio\\Mongoose_W2\\SPI\\deps\\vfs-common"
Hash is updated: "" -> "92bf5e6b6d274f9db7d1088e78a74edada316ac8"
Falling back to sources for "js-demo-bundle" (failed to fetch prebuilt binary: got 404 status code when accessed https://github.com/mongoose-os-libs/js-demo-bundle/releases/download/2.4.2/libjs-demo-bundle-esp8266.a)
Prepared local dir: "C:\\Users\\juano\\Escritorio\\Mongoose_W2\\SPI\\deps\\js-demo-bundle"
Handling lib "demo-bundle"...
The --lib flag was not given for "demo-bundle", checking repository
Repository "C:\\Users\\juano\\Escritorio\\Mongoose_W2\\SPI\\deps\\demo-bundle" does not exist, cloning...

Hash is updated: "" -> "b4daba082edc5f51723a2d58a54089fc5a8ec441"
Successfully fetched prebuilt binary for "mongoose" to "C:\\Users\\juano\\Escritorio\\Mongoose_W2\\SPI\\deps\\mongoose\\lib\\esp8266\\libmongoose.a"
Prepared local dir: "C:\\Users\\juano\\Escritorio\\Mongoose_W2\\SPI\\deps\\mongoose"
Falling back to sources for "demo-bundle" (failed to fetch prebuilt binary: got 404 status code when accessed https://github.com/mongoose-os-libs/demo-bundle/releases/download/2.4.2/libdemo-bundle-esp8266.a)
Prepared local dir: "C:\\Users\\juano\\Escritorio\\Mongoose_W2\\SPI\\deps\\demo-bundle"
Handling lib "adc"...
Handling lib "ca-bundle"...
Handling lib "provision"...
Handling lib "aws"...
Handling lib "rpc-service-config"...
Handling lib "rpc-service-fs"...
Handling lib "rpc-loopback"...
Handling lib "dash"...
Handling lib "atca"...
Handling lib "http-server"...
Handling lib "azure"...
Handling lib "rpc-uart"...
Handling lib "dht"...
Handling lib "shadow"...
Handling lib "dns-sd"...
Handling lib "ota-http-server"...
Handling lib "pwm"...
Handling lib "ota-http-client"...
Handling lib "rpc-azure"...
Handling lib "rpc-service-wifi"...
Handling lib "rpc-mqtt"...
Handling lib "gcp"...
Handling lib "rpc-service-atca"...
Handling lib "rpc-service-gpio"...
Handling lib "i2c"...
Handling lib "rpc-service-i2c"...
Handling lib "ota-shadow"...
Handling lib "rpc-service-ota"...
Handling lib "watson"...
Handling lib "sntp"...
Handling lib "spi"...
Handling lib "neopixel"...
Handling lib "vfs-dev-spi-flash"...
The --lib flag was not given for "adc", checking repository
The --lib flag was not given for "sntp", checking repository
The --lib flag was not given for "provision", checking repository
The --lib flag was not given for "aws", checking repository
The --lib flag was not given for "rpc-service-config", checking repository
The --lib flag was not given for "rpc-service-fs", checking repository
The --lib flag was not given for "rpc-loopback", checking repository
Repository "C:\\Users\\juano\\Escritorio\\Mongoose_W2\\SPI\\deps\\rpc-service-config" does not exist, cloning...

The --lib flag was not given for "atca", checking repository
The --lib flag was not given for "http-server", checking repository
The --lib flag was not given for "azure", checking repository
The --lib flag was not given for "rpc-uart", checking repository
The --lib flag was not given for "dht", checking repository
Repository "C:\\Users\\juano\\Escritorio\\Mongoose_W2\\SPI\\deps\\rpc-uart" does not exist, cloning...

Repository "C:\\Users\\juano\\Escritorio\\Mongoose_W2\\SPI\\deps\\dht" does not exist, cloning...

The --lib flag was not given for "ota-http-server", checking repository
The --lib flag was not given for "pwm", checking repository
The --lib flag was not given for "ota-http-client", checking repository
The --lib flag was not given for "rpc-azure", checking repository
The --lib flag was not given for "rpc-service-wifi", checking repository
The --lib flag was not given for "rpc-mqtt", checking repository
The --lib flag was not given for "gcp", checking repository
Repository "C:\\Users\\juano\\Escritorio\\Mongoose_W2\\SPI\\deps\\rpc-mqtt" does not exist, cloning...

Repository "C:\\Users\\juano\\Escritorio\\Mongoose_W2\\SPI\\deps\\gcp" does not exist, cloning...

The --lib flag was not given for "i2c", checking repository
The --lib flag was not given for "rpc-service-i2c", checking repository
Repository "C:\\Users\\juano\\Escritorio\\Mongoose_W2\\SPI\\deps\\i2c" does not exist, cloning...

The --lib flag was not given for "rpc-service-ota", checking repository
The --lib flag was not given for "ca-bundle", checking repository
The --lib flag was not given for "spi", checking repository
The --lib flag was not given for "neopixel", checking repository
Repository "C:\\Users\\juano\\Escritorio\\Mongoose_W2\\SPI\\deps\\spi" does not exist, cloning...

Repository "C:\\Users\\juano\\Escritorio\\Mongoose_W2\\SPI\\deps\\adc" does not exist, cloning...

Repository "C:\\Users\\juano\\Escritorio\\Mongoose_W2\\SPI\\deps\\sntp" does not exist, cloning...

Repository "C:\\Users\\juano\\Escritorio\\Mongoose_W2\\SPI\\deps\\aws" does not exist, cloning...

Repository "C:\\Users\\juano\\Escritorio\\Mongoose_W2\\SPI\\deps\\rpc-service-fs" does not exist, cloning...

The --lib flag was not given for "dash", checking repository
Repository "C:\\Users\\juano\\Escritorio\\Mongoose_W2\\SPI\\deps\\http-server" does not exist, cloning...

Repository "C:\\Users\\juano\\Escritorio\\Mongoose_W2\\SPI\\deps\\atca" does not exist, cloning...

Repository "C:\\Users\\juano\\Escritorio\\Mongoose_W2\\SPI\\deps\\azure" does not exist, cloning...

The --lib flag was not given for "dns-sd", checking repository
Repository "C:\\Users\\juano\\Escritorio\\Mongoose_W2\\SPI\\deps\\dns-sd" does not exist, cloning...

The --lib flag was not given for "rpc-service-atca", checking repository
The --lib flag was not given for "rpc-service-gpio", checking repository
Repository "C:\\Users\\juano\\Escritorio\\Mongoose_W2\\SPI\\deps\\ota-http-server" does not exist, cloning...

Repository "C:\\Users\\juano\\Escritorio\\Mongoose_W2\\SPI\\deps\\pwm" does not exist, cloning...

Repository "C:\\Users\\juano\\Escritorio\\Mongoose_W2\\SPI\\deps\\ota-http-client" does not exist, cloning...

Repository "C:\\Users\\juano\\Escritorio\\Mongoose_W2\\SPI\\deps\\rpc-service-wifi" does not exist, cloning...

Repository "C:\\Users\\juano\\Escritorio\\Mongoose_W2\\SPI\\deps\\rpc-service-gpio" does not exist, cloning...

Repository "C:\\Users\\juano\\Escritorio\\Mongoose_W2\\SPI\\deps\\rpc-service-i2c" does not exist, cloning...

Repository "C:\\Users\\juano\\Escritorio\\Mongoose_W2\\SPI\\deps\\ca-bundle" does not exist, cloning...

The --lib flag was not given for "watson", checking repository
Repository "C:\\Users\\juano\\Escritorio\\Mongoose_W2\\SPI\\deps\\watson" does not exist, cloning...

Repository "C:\\Users\\juano\\Escritorio\\Mongoose_W2\\SPI\\deps\\neopixel" does not exist, cloning...

Repository "C:\\Users\\juano\\Escritorio\\Mongoose_W2\\SPI\\deps\\dash" does not exist, cloning...

Repository "C:\\Users\\juano\\Escritorio\\Mongoose_W2\\SPI\\deps\\rpc-loopback" does not exist, cloning...

The --lib flag was not given for "shadow", checking repository
The --lib flag was not given for "ota-shadow", checking repository
The --lib flag was not given for "vfs-dev-spi-flash", checking repository
Repository "C:\\Users\\juano\\Escritorio\\Mongoose_W2\\SPI\\deps\\shadow" does not exist, cloning...

Repository "C:\\Users\\juano\\Escritorio\\Mongoose_W2\\SPI\\deps\\ota-shadow" does not exist, cloning...

Repository "C:\\Users\\juano\\Escritorio\\Mongoose_W2\\SPI\\deps\\vfs-dev-spi-flash" does not exist, cloning...

Repository "C:\\Users\\juano\\Escritorio\\Mongoose_W2\\SPI\\deps\\rpc-azure" does not exist, cloning...

Repository "C:\\Users\\juano\\Escritorio\\Mongoose_W2\\SPI\\deps\\provision" does not exist, cloning...

Repository "C:\\Users\\juano\\Escritorio\\Mongoose_W2\\SPI\\deps\\rpc-service-ota" does not exist, cloning...

Repository "C:\\Users\\juano\\Escritorio\\Mongoose_W2\\SPI\\deps\\rpc-service-atca" does not exist, cloning...

Hash is updated: "" -> "a515a228be768a17010412f42e7a3866dcc53a98"
Hash is updated: "" -> "4d9a5d7bb8ab51272b8a2618e28f4c219f9891ca"
Falling back to sources for "sntp" (failed to fetch prebuilt binary: got 404 status code when accessed https://github.com/mongoose-os-libs/sntp/releases/download/2.4.2/libsntp-esp8266.a)
Prepared local dir: "C:\\Users\\juano\\Escritorio\\Mongoose_W2\\SPI\\deps\\sntp"
Hash is updated: "" -> "3dc81f9411b09c026a0e5caf97a297ec5921ab1c"
Hash is updated: "" -> "a7cd903a60c3ae1f1b9be45394c3faf5bd448572"
Falling back to sources for "watson" (failed to fetch prebuilt binary: got 404 status code when accessed https://github.com/mongoose-os-libs/watson/releases/download/2.4.2/libwatson-esp8266.a)
Prepared local dir: "C:\\Users\\juano\\Escritorio\\Mongoose_W2\\SPI\\deps\\watson"
Handling lib "mqtt"...
The --lib flag was not given for "mqtt", checking repository
Repository "C:\\Users\\juano\\Escritorio\\Mongoose_W2\\SPI\\deps\\mqtt" does not exist, cloning...

Hash is updated: "" -> "5483c6b76c0e8f55f926842fa8405dac1ede2c9f"
Hash is updated: "" -> "4b5aca8f08c93ccbf49edd46259bb299d13c5caa"
Hash is updated: "" -> "1cc36cc63b8f77fe7275037c2dc04dde3a25722d"
Falling back to sources for "provision" (failed to fetch prebuilt binary: got 404 status code when accessed https://github.com/mongoose-os-libs/provision/releases/download/2.4.2/libprovision-esp8266.a)
Prepared local dir: "C:\\Users\\juano\\Escritorio\\Mongoose_W2\\SPI\\deps\\provision"
Falling back to sources for "rpc-azure" (failed to fetch prebuilt binary: got 404 status code when accessed https://github.com/mongoose-os-libs/rpc-azure/releases/download/2.4.2/librpc-azure-esp8266.a)
Prepared local dir: "C:\\Users\\juano\\Escritorio\\Mongoose_W2\\SPI\\deps\\rpc-azure"
Handling lib "rpc-common"...
The --lib flag was not given for "rpc-common", checking repository
Repository "C:\\Users\\juano\\Escritorio\\Mongoose_W2\\SPI\\deps\\rpc-common" does not exist, cloning...

Falling back to sources for "shadow" (failed to fetch prebuilt binary: got 404 status code when accessed https://github.com/mongoose-os-libs/shadow/releases/download/2.4.2/libshadow-esp8266.a)
Prepared local dir: "C:\\Users\\juano\\Escritorio\\Mongoose_W2\\SPI\\deps\\shadow"
Falling back to sources for "azure" (failed to fetch prebuilt binary: got 404 status code when accessed https://github.com/mongoose-os-libs/azure/releases/download/2.4.2/libazure-esp8266.a)
Falling back to sources for "neopixel" (failed to fetch prebuilt binary: got 404 status code when accessed https://github.com/mongoose-os-libs/neopixel/releases/download/2.4.2/libneopixel-esp8266.a)
Prepared local dir: "C:\\Users\\juano\\Escritorio\\Mongoose_W2\\SPI\\deps\\azure"
Prepared local dir: "C:\\Users\\juano\\Escritorio\\Mongoose_W2\\SPI\\deps\\neopixel"
Hash is updated: "" -> "42260104218eaf4277f890cf8dcf8d8174d8fd0f"
Hash is updated: "" -> "eaea73744ecd04f008f4f3df5da7726ea2b2fa70"
Hash is updated: "" -> "50445043f30e237682ad47bb761a93815c11898b"
Hash is updated: "" -> "1ebf0e670444f5238b0b6151bb4dc4079c15beca"
Hash is updated: "" -> "10146c32f97e94f7810e66841ed69a14790ac98d"
Hash is updated: "" -> "61315b65d0d793f3f178e43f2d2dfd5d5a8f4f58"
Hash is updated: "" -> "ee5eaa9bf7307f4a0f4be66b48b297c796cf81a2"
Hash is updated: "" -> "8411eb805f5fbdd3c8ebaf89e369eac490eeebc2"
Hash is updated: "" -> "c5079863203c172fc5b6420c2c2557d4df9d2342"
Hash is updated: "" -> "8938ae6e3939f7991366a2e066e1b2a16d3842d6"
Hash is updated: "" -> "bd6404d68d4ec5df9a149f1c7c3dcee802af543e"
Hash is updated: "" -> "3326b76b453ecc10070d17f225256d08f52d778b"
Hash is updated: "" -> "a9adcc32ab43c755243b25b9e3980a7d4be793df"
Hash is updated: "" -> "354f394ea6142cf7958d1c03464326177cc90a4f"
Hash is updated: "" -> "ca6645473cb9afa01a47ec14b7fa39fe64426b53"
Falling back to sources for "pwm" (failed to fetch prebuilt binary: got 404 status code when accessed https://github.com/mongoose-os-libs/pwm/releases/download/2.4.2/libpwm-esp8266.a)
Hash is updated: "" -> "bdf39a34f6763918c03da42f789ba46f04a03356"
Hash is updated: "" -> "56f88dab2542f505d8f8af1cdd73684416b4606b"
Hash is updated: "" -> "59e0658a69ed2b3e619eb8c65b72e6da96dc5fac"
Hash is updated: "" -> "257799cc350bbfa209ba0d554a38a5d6b89e08c1"
Prepared local dir: "C:\\Users\\juano\\Escritorio\\Mongoose_W2\\SPI\\deps\\pwm"
Hash is updated: "" -> "4fcc6e143b3423380723434cfaf6153de18f0548"
Hash is updated: "" -> "025dd1daa575b8b21e2f61296e2c57bd3454960d"
Hash is updated: "" -> "b8de71a4f576d1830dd09592afe9b0b8627fcef6"
Hash is updated: "" -> "58ecdbf82316546593d23ef58f7608fc07a00e77"
Falling back to sources for "ca-bundle" (failed to fetch prebuilt binary: got 404 status code when accessed https://github.com/mongoose-os-libs/ca-bundle/releases/download/2.4.2/libca-bundle-esp8266.a)
Prepared local dir: "C:\\Users\\juano\\Escritorio\\Mongoose_W2\\SPI\\deps\\ca-bundle"
Hash is updated: "" -> "109a285e3027f2531b749e363f9c214e87ffc4e1"
Falling back to sources for "atca" (failed to fetch prebuilt binary: got 404 status code when accessed https://github.com/mongoose-os-libs/atca/releases/download/2.4.2/libatca-esp8266.a)
Prepared local dir: "C:\\Users\\juano\\Escritorio\\Mongoose_W2\\SPI\\deps\\atca"
Falling back to sources for "rpc-service-wifi" (failed to fetch prebuilt binary: got 404 status code when accessed https://github.com/mongoose-os-libs/rpc-service-wifi/releases/download/2.4.2/librpc-service-wifi-esp8266.a)
Prepared local dir: "C:\\Users\\juano\\Escritorio\\Mongoose_W2\\SPI\\deps\\rpc-service-wifi"
Falling back to sources for "gcp" (failed to fetch prebuilt binary: got 404 status code when accessed https://github.com/mongoose-os-libs/gcp/releases/download/2.4.2/libgcp-esp8266.a)
Prepared local dir: "C:\\Users\\juano\\Escritorio\\Mongoose_W2\\SPI\\deps\\gcp"
Falling back to sources for "dht" (failed to fetch prebuilt binary: got 404 status code when accessed https://github.com/mongoose-os-libs/dht/releases/download/2.4.2/libdht-esp8266.a)
Prepared local dir: "C:\\Users\\juano\\Escritorio\\Mongoose_W2\\SPI\\deps\\dht"
Falling back to sources for "http-server" (failed to fetch prebuilt binary: got 404 status code when accessed https://github.com/mongoose-os-libs/http-server/releases/download/2.4.2/libhttp-server-esp8266.a)
Prepared local dir: "C:\\Users\\juano\\Escritorio\\Mongoose_W2\\SPI\\deps\\http-server"
Falling back to sources for "rpc-mqtt" (failed to fetch prebuilt binary: got 404 status code when accessed https://github.com/mongoose-os-libs/rpc-mqtt/releases/download/2.4.2/librpc-mqtt-esp8266.a)
Prepared local dir: "C:\\Users\\juano\\Escritorio\\Mongoose_W2\\SPI\\deps\\rpc-mqtt"
Falling back to sources for "dns-sd" (failed to fetch prebuilt binary: got 404 status code when accessed https://github.com/mongoose-os-libs/dns-sd/releases/download/2.4.2/libdns-sd-esp8266.a)
Prepared local dir: "C:\\Users\\juano\\Escritorio\\Mongoose_W2\\SPI\\deps\\dns-sd"
Falling back to sources for "rpc-service-config" (failed to fetch prebuilt binary: got 404 status code when accessed https://github.com/mongoose-os-libs/rpc-service-config/releases/download/2.4.2/librpc-service-config-esp8266.a)
Prepared local dir: "C:\\Users\\juano\\Escritorio\\Mongoose_W2\\SPI\\deps\\rpc-service-config"
Hash is updated: "" -> "5b1841914ea360fc1ebf5d8a1c965845e5885ddd"
Falling back to sources for "rpc-loopback" (failed to fetch prebuilt binary: got 404 status code when accessed https://github.com/mongoose-os-libs/rpc-loopback/releases/download/2.4.2/librpc-loopback-esp8266.a)
Prepared local dir: "C:\\Users\\juano\\Escritorio\\Mongoose_W2\\SPI\\deps\\rpc-loopback"
Falling back to sources for "rpc-service-atca" (failed to fetch prebuilt binary: got 404 status code when accessed https://github.com/mongoose-os-libs/rpc-service-atca/releases/download/2.4.2/librpc-service-atca-esp8266.a)
Prepared local dir: "C:\\Users\\juano\\Escritorio\\Mongoose_W2\\SPI\\deps\\rpc-service-atca"
Falling back to sources for "rpc-service-fs" (failed to fetch prebuilt binary: got 404 status code when accessed https://github.com/mongoose-os-libs/rpc-service-fs/releases/download/2.4.2/librpc-service-fs-esp8266.a)
Prepared local dir: "C:\\Users\\juano\\Escritorio\\Mongoose_W2\\SPI\\deps\\rpc-service-fs"
Falling back to sources for "vfs-dev-spi-flash" (failed to fetch prebuilt binary: got 404 status code when accessed https://github.com/mongoose-os-libs/vfs-dev-spi-flash/releases/download/2.4.2/libvfs-dev-spi-flash-esp8266.a)
Prepared local dir: "C:\\Users\\juano\\Escritorio\\Mongoose_W2\\SPI\\deps\\vfs-dev-spi-flash"
Hash is updated: "" -> "1552334c9b52062708ddabf9d978731afd4edd3b"
Falling back to sources for "rpc-service-gpio" (failed to fetch prebuilt binary: got 404 status code when accessed https://github.com/mongoose-os-libs/rpc-service-gpio/releases/download/2.4.2/librpc-service-gpio-esp8266.a)
Prepared local dir: "C:\\Users\\juano\\Escritorio\\Mongoose_W2\\SPI\\deps\\rpc-service-gpio"
Falling back to sources for "i2c" (failed to fetch prebuilt binary: got 404 status code when accessed https://github.com/mongoose-os-libs/i2c/releases/download/2.4.2/libi2c-esp8266.a)
Prepared local dir: "C:\\Users\\juano\\Escritorio\\Mongoose_W2\\SPI\\deps\\i2c"
Falling back to sources for "aws" (failed to fetch prebuilt binary: got 404 status code when accessed https://github.com/mongoose-os-libs/aws/releases/download/2.4.2/libaws-esp8266.a)
Prepared local dir: "C:\\Users\\juano\\Escritorio\\Mongoose_W2\\SPI\\deps\\aws"
Falling back to sources for "rpc-service-i2c" (failed to fetch prebuilt binary: got 404 status code when accessed https://github.com/mongoose-os-libs/rpc-service-i2c/releases/download/2.4.2/librpc-service-i2c-esp8266.a)
Prepared local dir: "C:\\Users\\juano\\Escritorio\\Mongoose_W2\\SPI\\deps\\rpc-service-i2c"
Falling back to sources for "adc" (failed to fetch prebuilt binary: got 404 status code when accessed https://github.com/mongoose-os-libs/adc/releases/download/2.4.2/libadc-esp8266.a)
Prepared local dir: "C:\\Users\\juano\\Escritorio\\Mongoose_W2\\SPI\\deps\\adc"
Falling back to sources for "rpc-uart" (failed to fetch prebuilt binary: got 404 status code when accessed https://github.com/mongoose-os-libs/rpc-uart/releases/download/2.4.2/librpc-uart-esp8266.a)
Prepared local dir: "C:\\Users\\juano\\Escritorio\\Mongoose_W2\\SPI\\deps\\rpc-uart"
Falling back to sources for "rpc-common" (failed to fetch prebuilt binary: got 404 status code when accessed https://github.com/mongoose-os-libs/rpc-common/releases/download/2.4.2/librpc-common-esp8266.a)
Prepared local dir: "C:\\Users\\juano\\Escritorio\\Mongoose_W2\\SPI\\deps\\rpc-common"
Falling back to sources for "spi" (failed to fetch prebuilt binary: got 404 status code when accessed https://github.com/mongoose-os-libs/spi/releases/download/2.4.2/libspi-esp8266.a)
Prepared local dir: "C:\\Users\\juano\\Escritorio\\Mongoose_W2\\SPI\\deps\\spi"
Successfully fetched prebuilt binary for "ota-http-server" to "C:\\Users\\juano\\Escritorio\\Mongoose_W2\\SPI\\deps\\ota-http-server\\lib\\esp8266\\libota-http-server.a"
Prepared local dir: "C:\\Users\\juano\\Escritorio\\Mongoose_W2\\SPI\\deps\\ota-http-server"
Handling lib "ota-common"...
The --lib flag was not given for "ota-common", checking repository
Repository "C:\\Users\\juano\\Escritorio\\Mongoose_W2\\SPI\\deps\\ota-common" does not exist, cloning...

Successfully fetched prebuilt binary for "ota-http-client" to "C:\\Users\\juano\\Escritorio\\Mongoose_W2\\SPI\\deps\\ota-http-client\\lib\\esp8266\\libota-http-client.a"
Prepared local dir: "C:\\Users\\juano\\Escritorio\\Mongoose_W2\\SPI\\deps\\ota-http-client"
Successfully fetched prebuilt binary for "dash" to "C:\\Users\\juano\\Escritorio\\Mongoose_W2\\SPI\\deps\\dash\\lib\\esp8266\\libdash.a"
Prepared local dir: "C:\\Users\\juano\\Escritorio\\Mongoose_W2\\SPI\\deps\\dash"
Successfully fetched prebuilt binary for "rpc-service-ota" to "C:\\Users\\juano\\Escritorio\\Mongoose_W2\\SPI\\deps\\rpc-service-ota\\lib\\esp8266\\librpc-service-ota.a"
Prepared local dir: "C:\\Users\\juano\\Escritorio\\Mongoose_W2\\SPI\\deps\\rpc-service-ota"
Hash is updated: "" -> "bf27d0baeb49172bd4ecc0a2a0d98bf9ad92b2a3"
Falling back to sources for "ota-common" (failed to fetch prebuilt binary: got 404 status code when accessed https://github.com/mongoose-os-libs/ota-common/releases/download/2.4.2/libota-common-esp8266.a)
Prepared local dir: "C:\\Users\\juano\\Escritorio\\Mongoose_W2\\SPI\\deps\\ota-common"
Hash is updated: "" -> "2b623db493f7c244a804964bedc59ba2855a4aa0"
Falling back to sources for "mqtt" (failed to fetch prebuilt binary: got 404 status code when accessed https://github.com/mongoose-os-libs/mqtt/releases/download/2.4.2/libmqtt-esp8266.a)
Prepared local dir: "C:\\Users\\juano\\Escritorio\\Mongoose_W2\\SPI\\deps\\mqtt"
Hash is updated: "" -> "c127a9a7346a9d772606538d1569925adbdf85d0"
Successfully fetched prebuilt binary for "ota-shadow" to "C:\\Users\\juano\\Escritorio\\Mongoose_W2\\SPI\\deps\\ota-shadow\\lib\\esp8266\\libota-shadow.a"
Prepared local dir: "C:\\Users\\juano\\Escritorio\\Mongoose_W2\\SPI\\deps\\ota-shadow"
The flag --module is not given for the module "mjs_module", going to use the repository
Repository "C:\\Users\\juano\\Escritorio\\Mongoose_W2\\SPI\\deps\\mjs_module" does not exist, cloning...

The flag --repo is not given, going to use mongoose-os repository
Repository "C:\\Users\\juano\\Escritorio\\Mongoose_W2\\SPI\\deps\\mongoose-os" does not exist, cloning...

Sources: [C:\Users\juano\Escritorio\Mongoose_W2\SPI\build\gen\mgos_deps_init.c C:\Users\juano\Escritorio\Mongoose_W2\SPI\deps\adc\esp8266\src\esp_adc.c C:\Users\juano\Escritorio\Mongoose_W2\SPI\deps\vfs-common\src\mgos_vfs.c C:\Users\juano\Escritorio\Mongoose_W2\SPI\deps\vfs-common\src\mgos_vfs_dev.c C:\Users\juano\Escritorio\Mongoose_W2\SPI\deps\vfs-common\src\esp8266\esp_flash_writer.c C:\Users\juano\Escritorio\Mongoose_W2\SPI\deps\vfs-common\src\esp8266\esp_fs.c C:\Users\juano\Escritorio\Mongoose_W2\SPI\deps\vfs-common\src\esp8266\esp_vfs_dev_sysflash.c C:\Users\juano\Escritorio\Mongoose_W2\SPI\deps\vfs-dev-part\src\mgos_vfs_dev_part.c C:\Users\juano\Escritorio\Mongoose_W2\SPI\deps\vfs-fs-spiffs\src\mgos_vfs_fs_spiffs.c C:\Users\juano\Escritorio\Mongoose_W2\SPI\deps\vfs-fs-spiffs\src\spiffs\spiffs_cache.c C:\Users\juano\Escritorio\Mongoose_W2\SPI\deps\vfs-fs-spiffs\src\spiffs\spiffs_check.c C:\Users\juano\Escritorio\Mongoose_W2\SPI\deps\vfs-fs-spiffs\src\spiffs\spiffs_gc.c C:\Users\juano\Escritorio\Mongoose_W2\SPI\deps\vfs-fs-spiffs\src\spiffs\spiffs_hydrogen.c C:\Users\juano\Escritorio\Mongoose_W2\SPI\deps\vfs-fs-spiffs\src\spiffs\spiffs_nucleus.c C:\Users\juano\Escritorio\Mongoose_W2\SPI\deps\core\src\mgos_core.c C:\Users\juano\Escritorio\Mongoose_W2\SPI\deps\core\src\esp8266\esp_rboot.c C:\Users\juano\Escritorio\Mongoose_W2\SPI\deps\i2c\src\mgos_i2c.c C:\Users\juano\Escritorio\Mongoose_W2\SPI\deps\i2c\src\common_gpio\mgos_i2c_gpio.c C:\Users\juano\Escritorio\Mongoose_W2\SPI\deps\atca\src\mgos_atca.c C:\Users\juano\Escritorio\Mongoose_W2\SPI\deps\mqtt\src\mgos_mqtt.c C:\Users\juano\Escritorio\Mongoose_W2\SPI\deps\shadow\src\mgos_shadow.c C:\Users\juano\Escritorio\Mongoose_W2\SPI\deps\aws\src\mgos_aws.c C:\Users\juano\Escritorio\Mongoose_W2\SPI\deps\aws\src\mgos_aws_greengrass.c C:\Users\juano\Escritorio\Mongoose_W2\SPI\deps\aws\src\mgos_aws_shadow.c C:\Users\juano\Escritorio\Mongoose_W2\SPI\deps\sntp\src\mgos_sntp.c C:\Users\juano\Escritorio\Mongoose_W2\SPI\deps\azure\src\mgos_azure.c C:\Users\juano\Escritorio\Mongoose_W2\SPI\deps\azure\src\mgos_azure_cm.c C:\Users\juano\Escritorio\Mongoose_W2\SPI\deps\azure\src\mgos_azure_dm.c C:\Users\juano\Escritorio\Mongoose_W2\SPI\deps\azure\src\mgos_azure_sas.c C:\Users\juano\Escritorio\Mongoose_W2\SPI\deps\azure\src\mgos_azure_shadow.c C:\Users\juano\Escritorio\Mongoose_W2\SPI\deps\ota-common\src\mgos_updater_common.c C:\Users\juano\Escritorio\Mongoose_W2\SPI\deps\ota-common\src\esp8266\esp_updater.c C:\Users\juano\Escritorio\Mongoose_W2\SPI\deps\rpc-common\src\mg_rpc\mg_rpc.c C:\Users\juano\Escritorio\Mongoose_W2\SPI\deps\rpc-common\src\mg_rpc\mg_rpc_channel.c C:\Users\juano\Escritorio\Mongoose_W2\SPI\deps\rpc-common\src\mg_rpc\mg_rpc_channel_http.c C:\Users\juano\Escritorio\Mongoose_W2\SPI\deps\rpc-common\src\mg_rpc\mg_rpc_channel_ws.c C:\Users\juano\Escritorio\Mongoose_W2\SPI\deps\rpc-common\src\mgos_rpc.c C:\Users\juano\Escritorio\Mongoose_W2\SPI\deps\dht\src\mgos_dht.c C:\Users\juano\Escritorio\Mongoose_W2\SPI\deps\http-server\src\mgos_http_server.c C:\Users\juano\Escritorio\Mongoose_W2\SPI\deps\dns-sd\src\mgos_dns_sd.c C:\Users\juano\Escritorio\Mongoose_W2\SPI\deps\dns-sd\src\mgos_mdns.c C:\Users\juano\Escritorio\Mongoose_W2\SPI\deps\dns-sd\src\lwip\lwip_mdns.c C:\Users\juano\Escritorio\Mongoose_W2\SPI\deps\gcp\src\mgos_gcp.c C:\Users\juano\Escritorio\Mongoose_W2\SPI\deps\neopixel\src\mgos_neopixel.c C:\Users\juano\Escritorio\Mongoose_W2\SPI\deps\provision\src\mgos_provision.c C:\Users\juano\Escritorio\Mongoose_W2\SPI\deps\pwm\src\mgos_pwm.c C:\Users\juano\Escritorio\Mongoose_W2\SPI\deps\pwm\src\mgos_pwm_rgb_led.c C:\Users\juano\Escritorio\Mongoose_W2\SPI\deps\pwm\src\esp8266\esp_pwm.c C:\Users\juano\Escritorio\Mongoose_W2\SPI\deps\rpc-azure\src\mgos_rpc_channel_azure_dm.c C:\Users\juano\Escritorio\Mongoose_W2\SPI\deps\rpc-loopback\src\mg_rpc_channel_loopback.c C:\Users\juano\Escritorio\Mongoose_W2\SPI\deps\rpc-mqtt\src\mgos_rpc_channel_mqtt.c C:\Users\juano\Escritorio\Mongoose_W2\SPI\deps\rpc-service-atca\src\mgos_atca_service.c C:\Users\juano\Escritorio\Mongoose_W2\SPI\deps\rpc-service-config\src\mgos_service_config.c C:\Users\juano\Escritorio\Mongoose_W2\SPI\deps\rpc-service-fs\src\mgos_service_filesystem.c C:\Users\juano\Escritorio\Mongoose_W2\SPI\deps\rpc-service-gpio\src\mgos_gpio_service.c C:\Users\juano\Escritorio\Mongoose_W2\SPI\deps\rpc-service-i2c\src\mgos_i2c_service.c C:\Users\juano\Escritorio\Mongoose_W2\SPI\deps\wifi\src\mgos_wifi.c C:\Users\juano\Escritorio\Mongoose_W2\SPI\deps\wifi\src\mjs_wifi.c C:\Users\juano\Escritorio\Mongoose_W2\SPI\deps\wifi\esp8266\src\esp_wifi.c C:\Users\juano\Escritorio\Mongoose_W2\SPI\deps\rpc-service-wifi\src\mgos_rpc_service_wifi.c C:\Users\juano\Escritorio\Mongoose_W2\SPI\deps\rpc-uart\src\mgos_rpc_channel_uart.c C:\Users\juano\Escritorio\Mongoose_W2\SPI\deps\spi\src\mgos_spi.c C:\Users\juano\Escritorio\Mongoose_W2\SPI\deps\spi\src\mgos_spi_mjs.c C:\Users\juano\Escritorio\Mongoose_W2\SPI\deps\spi\src\common_gpio\mgos_spi_gpio.c C:\Users\juano\Escritorio\Mongoose_W2\SPI\deps\vfs-dev-spi-flash\src\mgos_vfs_dev_spi_flash.c C:\Users\juano\Escritorio\Mongoose_W2\SPI\deps\watson\src\mgos_watson.c C:\Users\juano\Escritorio\Mongoose_W2\SPI\deps\demo-bundle\src\mgos_demo_bundle.c C:\Users\juano\Escritorio\Mongoose_W2\SPI\deps\mjs\src\mos_mjs.c C:\Users\juano\Escritorio\Mongoose_W2\SPI\deps\mjs_module\mjs.c C:\Users\juano\Escritorio\Mongoose_W2\SPI\deps\mjs\esp8266\src\esp8266_mjs.c C:\Users\juano\Escritorio\Mongoose_W2\SPI\deps\js-demo-bundle\src\mgos_js_demo_bundle.c]
Include dirs: [C:\Users\juano\Escritorio\Mongoose_W2\SPI\deps\adc\include C:\Users\juano\Escritorio\Mongoose_W2\SPI\deps\adc\esp8266\include C:\Users\juano\Escritorio\Mongoose_W2\SPI\deps\vfs-common\include C:\Users\juano\Escritorio\Mongoose_W2\SPI\deps\vfs-common\include\esp8266 C:\Users\juano\Escritorio\Mongoose_W2\SPI\deps\mongoose\include C:\Users\juano\Escritorio\Mongoose_W2\SPI\deps\vfs-dev-part\include C:\Users\juano\Escritorio\Mongoose_W2\SPI\deps\vfs-fs-spiffs\include C:\Users\juano\Escritorio\Mongoose_W2\SPI\deps\vfs-fs-spiffs\include\spiffs C:\Users\juano\Escritorio\Mongoose_W2\SPI\deps\vfs-fs-spiffs\include\esp8266 C:\Users\juano\Escritorio\Mongoose_W2\SPI\deps\core\include C:\Users\juano\Escritorio\Mongoose_W2\SPI\deps\core\include\esp8266 C:\Users\juano\Escritorio\Mongoose_W2\SPI\deps\i2c\include C:\Users\juano\Escritorio\Mongoose_W2\SPI\deps\atca\include C:\Users\juano\Escritorio\Mongoose_W2\SPI\deps\mqtt\include C:\Users\juano\Escritorio\Mongoose_W2\SPI\deps\shadow\include C:\Users\juano\Escritorio\Mongoose_W2\SPI\deps\aws\include C:\Users\juano\Escritorio\Mongoose_W2\SPI\deps\azure\include C:\Users\juano\Escritorio\Mongoose_W2\SPI\deps\ota-common\include C:\Users\juano\Escritorio\Mongoose_W2\SPI\deps\ota-http-client\include C:\Users\juano\Escritorio\Mongoose_W2\SPI\deps\rpc-common\include\mg_rpc C:\Users\juano\Escritorio\Mongoose_W2\SPI\deps\rpc-common\include C:\Users\juano\Escritorio\Mongoose_W2\SPI\deps\dash\include C:\Users\juano\Escritorio\Mongoose_W2\SPI\deps\dht\include C:\Users\juano\Escritorio\Mongoose_W2\SPI\deps\http-server\include C:\Users\juano\Escritorio\Mongoose_W2\SPI\deps\dns-sd\include C:\Users\juano\Escritorio\Mongoose_W2\SPI\deps\neopixel\include C:\Users\juano\Escritorio\Mongoose_W2\SPI\deps\pwm\include C:\Users\juano\Escritorio\Mongoose_W2\SPI\deps\rpc-loopback\include C:\Users\juano\Escritorio\Mongoose_W2\SPI\deps\rpc-mqtt\include C:\Users\juano\Escritorio\Mongoose_W2\SPI\deps\rpc-service-config\include C:\Users\juano\Escritorio\Mongoose_W2\SPI\deps\rpc-service-fs\include C:\Users\juano\Escritorio\Mongoose_W2\SPI\deps\rpc-service-gpio\include C:\Users\juano\Escritorio\Mongoose_W2\SPI\deps\rpc-service-i2c\include C:\Users\juano\Escritorio\Mongoose_W2\SPI\deps\rpc-service-ota\include C:\Users\juano\Escritorio\Mongoose_W2\SPI\deps\wifi\include C:\Users\juano\Escritorio\Mongoose_W2\SPI\deps\rpc-uart\include C:\Users\juano\Escritorio\Mongoose_W2\SPI\deps\spi\include C:\Users\juano\Escritorio\Mongoose_W2\SPI\deps\vfs-dev-spi-flash\include C:\Users\juano\Escritorio\Mongoose_W2\SPI\deps\watson\include C:\Users\juano\Escritorio\Mongoose_W2\SPI\deps\mjs\include]
Binary libs: [C:\Users\juano\Escritorio\Mongoose_W2\SPI\deps\mongoose\lib\esp8266\libmongoose.a C:\Users\juano\Escritorio\Mongoose_W2\SPI\deps\ota-http-client\lib\esp8266\libota-http-client.a C:\Users\juano\Escritorio\Mongoose_W2\SPI\deps\ota-shadow\lib\esp8266\libota-shadow.a C:\Users\juano\Escritorio\Mongoose_W2\SPI\deps\dash\lib\esp8266\libdash.a C:\Users\juano\Escritorio\Mongoose_W2\SPI\deps\ota-http-server\lib\esp8266\libota-http-server.a C:\Users\juano\Escritorio\Mongoose_W2\SPI\deps\rpc-service-ota\lib\esp8266\librpc-service-ota.a]
Building...
mount from "/c/Users/juano/Escritorio/Mongoose_W2/SPI" to "/app"
mount from "/c/Users/juano/Escritorio/Mongoose_W2/SPI/deps/mongoose-os" to "/mongoose-os"
mount from "/c/Users/juano/Escritorio/Mongoose_W2/SPI/deps/mongoose-os" to "/c/Users/juano/Escritorio/Mongoose_W2/SPI/deps/mongoose-os"
mount from "/c/Users/juano/Escritorio/Mongoose_W2/SPI/build" to "/c/Users/juano/Escritorio/Mongoose_W2/SPI/build"
mount from "/c/Users/juano/Escritorio/Mongoose_W2/SPI/build/gen" to "/c/Users/juano/Escritorio/Mongoose_W2/SPI/build/gen"
mount from "/c/Users/juano/Escritorio/Mongoose_W2/SPI/deps/adc/esp8266/src" to "/c/Users/juano/Escritorio/Mongoose_W2/SPI/deps/adc/esp8266/src"
mount from "/c/Users/juano/Escritorio/Mongoose_W2/SPI/deps/vfs-common/src" to "/c/Users/juano/Escritorio/Mongoose_W2/SPI/deps/vfs-common/src"
mount from "/c/Users/juano/Escritorio/Mongoose_W2/SPI/deps/vfs-common/src/esp8266" to "/c/Users/juano/Escritorio/Mongoose_W2/SPI/deps/vfs-common/src/esp8266"
mount from "/c/Users/juano/Escritorio/Mongoose_W2/SPI/deps/vfs-dev-part/src" to "/c/Users/juano/Escritorio/Mongoose_W2/SPI/deps/vfs-dev-part/src"
mount from "/c/Users/juano/Escritorio/Mongoose_W2/SPI/deps/vfs-fs-spiffs/src" to "/c/Users/juano/Escritorio/Mongoose_W2/SPI/deps/vfs-fs-spiffs/src"
mount from "/c/Users/juano/Escritorio/Mongoose_W2/SPI/deps/vfs-fs-spiffs/src/spiffs" to "/c/Users/juano/Escritorio/Mongoose_W2/SPI/deps/vfs-fs-spiffs/src/spiffs"
mount from "/c/Users/juano/Escritorio/Mongoose_W2/SPI/deps/core/src" to "/c/Users/juano/Escritorio/Mongoose_W2/SPI/deps/core/src"
mount from "/c/Users/juano/Escritorio/Mongoose_W2/SPI/deps/core/src/esp8266" to "/c/Users/juano/Escritorio/Mongoose_W2/SPI/deps/core/src/esp8266"
mount from "/c/Users/juano/Escritorio/Mongoose_W2/SPI/deps/i2c/src" to "/c/Users/juano/Escritorio/Mongoose_W2/SPI/deps/i2c/src"
mount from "/c/Users/juano/Escritorio/Mongoose_W2/SPI/deps/i2c/src/common_gpio" to "/c/Users/juano/Escritorio/Mongoose_W2/SPI/deps/i2c/src/common_gpio"
mount from "/c/Users/juano/Escritorio/Mongoose_W2/SPI/deps/atca/src" to "/c/Users/juano/Escritorio/Mongoose_W2/SPI/deps/atca/src"
mount from "/c/Users/juano/Escritorio/Mongoose_W2/SPI/deps/mqtt/src" to "/c/Users/juano/Escritorio/Mongoose_W2/SPI/deps/mqtt/src"
mount from "/c/Users/juano/Escritorio/Mongoose_W2/SPI/deps/shadow/src" to "/c/Users/juano/Escritorio/Mongoose_W2/SPI/deps/shadow/src"
mount from "/c/Users/juano/Escritorio/Mongoose_W2/SPI/deps/aws/src" to "/c/Users/juano/Escritorio/Mongoose_W2/SPI/deps/aws/src"
mount from "/c/Users/juano/Escritorio/Mongoose_W2/SPI/deps/sntp/src" to "/c/Users/juano/Escritorio/Mongoose_W2/SPI/deps/sntp/src"
mount from "/c/Users/juano/Escritorio/Mongoose_W2/SPI/deps/azure/src" to "/c/Users/juano/Escritorio/Mongoose_W2/SPI/deps/azure/src"
mount from "/c/Users/juano/Escritorio/Mongoose_W2/SPI/deps/ota-common/src" to "/c/Users/juano/Escritorio/Mongoose_W2/SPI/deps/ota-common/src"
mount from "/c/Users/juano/Escritorio/Mongoose_W2/SPI/deps/ota-common/src/esp8266" to "/c/Users/juano/Escritorio/Mongoose_W2/SPI/deps/ota-common/src/esp8266"
mount from "/c/Users/juano/Escritorio/Mongoose_W2/SPI/deps/rpc-common/src/mg_rpc" to "/c/Users/juano/Escritorio/Mongoose_W2/SPI/deps/rpc-common/src/mg_rpc"
mount from "/c/Users/juano/Escritorio/Mongoose_W2/SPI/deps/rpc-common/src" to "/c/Users/juano/Escritorio/Mongoose_W2/SPI/deps/rpc-common/src"
mount from "/c/Users/juano/Escritorio/Mongoose_W2/SPI/deps/dht/src" to "/c/Users/juano/Escritorio/Mongoose_W2/SPI/deps/dht/src"
mount from "/c/Users/juano/Escritorio/Mongoose_W2/SPI/deps/http-server/src" to "/c/Users/juano/Escritorio/Mongoose_W2/SPI/deps/http-server/src"
mount from "/c/Users/juano/Escritorio/Mongoose_W2/SPI/deps/dns-sd/src" to "/c/Users/juano/Escritorio/Mongoose_W2/SPI/deps/dns-sd/src"
mount from "/c/Users/juano/Escritorio/Mongoose_W2/SPI/deps/dns-sd/src/lwip" to "/c/Users/juano/Escritorio/Mongoose_W2/SPI/deps/dns-sd/src/lwip"
mount from "/c/Users/juano/Escritorio/Mongoose_W2/SPI/deps/gcp/src" to "/c/Users/juano/Escritorio/Mongoose_W2/SPI/deps/gcp/src"
mount from "/c/Users/juano/Escritorio/Mongoose_W2/SPI/deps/neopixel/src" to "/c/Users/juano/Escritorio/Mongoose_W2/SPI/deps/neopixel/src"
mount from "/c/Users/juano/Escritorio/Mongoose_W2/SPI/deps/provision/src" to "/c/Users/juano/Escritorio/Mongoose_W2/SPI/deps/provision/src"
mount from "/c/Users/juano/Escritorio/Mongoose_W2/SPI/deps/pwm/src" to "/c/Users/juano/Escritorio/Mongoose_W2/SPI/deps/pwm/src"
mount from "/c/Users/juano/Escritorio/Mongoose_W2/SPI/deps/pwm/src/esp8266" to "/c/Users/juano/Escritorio/Mongoose_W2/SPI/deps/pwm/src/esp8266"
mount from "/c/Users/juano/Escritorio/Mongoose_W2/SPI/deps/rpc-azure/src" to "/c/Users/juano/Escritorio/Mongoose_W2/SPI/deps/rpc-azure/src"
mount from "/c/Users/juano/Escritorio/Mongoose_W2/SPI/deps/rpc-loopback/src" to "/c/Users/juano/Escritorio/Mongoose_W2/SPI/deps/rpc-loopback/src"
mount from "/c/Users/juano/Escritorio/Mongoose_W2/SPI/deps/rpc-mqtt/src" to "/c/Users/juano/Escritorio/Mongoose_W2/SPI/deps/rpc-mqtt/src"
mount from "/c/Users/juano/Escritorio/Mongoose_W2/SPI/deps/rpc-service-atca/src" to "/c/Users/juano/Escritorio/Mongoose_W2/SPI/deps/rpc-service-atca/src"
mount from "/c/Users/juano/Escritorio/Mongoose_W2/SPI/deps/rpc-service-config/src" to "/c/Users/juano/Escritorio/Mongoose_W2/SPI/deps/rpc-service-config/src"
mount from "/c/Users/juano/Escritorio/Mongoose_W2/SPI/deps/rpc-service-fs/src" to "/c/Users/juano/Escritorio/Mongoose_W2/SPI/deps/rpc-service-fs/src"
mount from "/c/Users/juano/Escritorio/Mongoose_W2/SPI/deps/rpc-service-gpio/src" to "/c/Users/juano/Escritorio/Mongoose_W2/SPI/deps/rpc-service-gpio/src"
mount from "/c/Users/juano/Escritorio/Mongoose_W2/SPI/deps/rpc-service-i2c/src" to "/c/Users/juano/Escritorio/Mongoose_W2/SPI/deps/rpc-service-i2c/src"
mount from "/c/Users/juano/Escritorio/Mongoose_W2/SPI/deps/wifi/src" to "/c/Users/juano/Escritorio/Mongoose_W2/SPI/deps/wifi/src"
mount from "/c/Users/juano/Escritorio/Mongoose_W2/SPI/deps/wifi/esp8266/src" to "/c/Users/juano/Escritorio/Mongoose_W2/SPI/deps/wifi/esp8266/src"
mount from "/c/Users/juano/Escritorio/Mongoose_W2/SPI/deps/rpc-service-wifi/src" to "/c/Users/juano/Escritorio/Mongoose_W2/SPI/deps/rpc-service-wifi/src"
mount from "/c/Users/juano/Escritorio/Mongoose_W2/SPI/deps/rpc-uart/src" to "/c/Users/juano/Escritorio/Mongoose_W2/SPI/deps/rpc-uart/src"
mount from "/c/Users/juano/Escritorio/Mongoose_W2/SPI/deps/spi/src" to "/c/Users/juano/Escritorio/Mongoose_W2/SPI/deps/spi/src"
mount from "/c/Users/juano/Escritorio/Mongoose_W2/SPI/deps/spi/src/common_gpio" to "/c/Users/juano/Escritorio/Mongoose_W2/SPI/deps/spi/src/common_gpio"
mount from "/c/Users/juano/Escritorio/Mongoose_W2/SPI/deps/vfs-dev-spi-flash/src" to "/c/Users/juano/Escritorio/Mongoose_W2/SPI/deps/vfs-dev-spi-flash/src"
mount from "/c/Users/juano/Escritorio/Mongoose_W2/SPI/deps/watson/src" to "/c/Users/juano/Escritorio/Mongoose_W2/SPI/deps/watson/src"
mount from "/c/Users/juano/Escritorio/Mongoose_W2/SPI/deps/demo-bundle/src" to "/c/Users/juano/Escritorio/Mongoose_W2/SPI/deps/demo-bundle/src"
mount from "/c/Users/juano/Escritorio/Mongoose_W2/SPI/deps/mjs/src" to "/c/Users/juano/Escritorio/Mongoose_W2/SPI/deps/mjs/src"
mount from "/c/Users/juano/Escritorio/Mongoose_W2/SPI/deps/mjs_module" to "/c/Users/juano/Escritorio/Mongoose_W2/SPI/deps/mjs_module"
mount from "/c/Users/juano/Escritorio/Mongoose_W2/SPI/deps/mjs/esp8266/src" to "/c/Users/juano/Escritorio/Mongoose_W2/SPI/deps/mjs/esp8266/src"
mount from "/c/Users/juano/Escritorio/Mongoose_W2/SPI/deps/js-demo-bundle/src" to "/c/Users/juano/Escritorio/Mongoose_W2/SPI/deps/js-demo-bundle/src"
mount from "/c/Users/juano/Escritorio/Mongoose_W2/SPI/deps/adc/include" to "/c/Users/juano/Escritorio/Mongoose_W2/SPI/deps/adc/include"
mount from "/c/Users/juano/Escritorio/Mongoose_W2/SPI/deps/adc/esp8266/include" to "/c/Users/juano/Escritorio/Mongoose_W2/SPI/deps/adc/esp8266/include"
mount from "/c/Users/juano/Escritorio/Mongoose_W2/SPI/deps/vfs-common/include" to "/c/Users/juano/Escritorio/Mongoose_W2/SPI/deps/vfs-common/include"
mount from "/c/Users/juano/Escritorio/Mongoose_W2/SPI/deps/vfs-common/include/esp8266" to "/c/Users/juano/Escritorio/Mongoose_W2/SPI/deps/vfs-common/include/esp8266"
mount from "/c/Users/juano/Escritorio/Mongoose_W2/SPI/deps/mongoose/include" to "/c/Users/juano/Escritorio/Mongoose_W2/SPI/deps/mongoose/include"
mount from "/c/Users/juano/Escritorio/Mongoose_W2/SPI/deps/vfs-dev-part/include" to "/c/Users/juano/Escritorio/Mongoose_W2/SPI/deps/vfs-dev-part/include"
mount from "/c/Users/juano/Escritorio/Mongoose_W2/SPI/deps/vfs-fs-spiffs/include" to "/c/Users/juano/Escritorio/Mongoose_W2/SPI/deps/vfs-fs-spiffs/include"
mount from "/c/Users/juano/Escritorio/Mongoose_W2/SPI/deps/vfs-fs-spiffs/include/spiffs" to "/c/Users/juano/Escritorio/Mongoose_W2/SPI/deps/vfs-fs-spiffs/include/spiffs"
mount from "/c/Users/juano/Escritorio/Mongoose_W2/SPI/deps/vfs-fs-spiffs/include/esp8266" to "/c/Users/juano/Escritorio/Mongoose_W2/SPI/deps/vfs-fs-spiffs/include/esp8266"
mount from "/c/Users/juano/Escritorio/Mongoose_W2/SPI/deps/core/include" to "/c/Users/juano/Escritorio/Mongoose_W2/SPI/deps/core/include"
mount from "/c/Users/juano/Escritorio/Mongoose_W2/SPI/deps/core/include/esp8266" to "/c/Users/juano/Escritorio/Mongoose_W2/SPI/deps/core/include/esp8266"
mount from "/c/Users/juano/Escritorio/Mongoose_W2/SPI/deps/i2c/include" to "/c/Users/juano/Escritorio/Mongoose_W2/SPI/deps/i2c/include"
mount from "/c/Users/juano/Escritorio/Mongoose_W2/SPI/deps/atca/include" to "/c/Users/juano/Escritorio/Mongoose_W2/SPI/deps/atca/include"
mount from "/c/Users/juano/Escritorio/Mongoose_W2/SPI/deps/mqtt/include" to "/c/Users/juano/Escritorio/Mongoose_W2/SPI/deps/mqtt/include"
mount from "/c/Users/juano/Escritorio/Mongoose_W2/SPI/deps/shadow/include" to "/c/Users/juano/Escritorio/Mongoose_W2/SPI/deps/shadow/include"
mount from "/c/Users/juano/Escritorio/Mongoose_W2/SPI/deps/aws/include" to "/c/Users/juano/Escritorio/Mongoose_W2/SPI/deps/aws/include"
mount from "/c/Users/juano/Escritorio/Mongoose_W2/SPI/deps/azure/include" to "/c/Users/juano/Escritorio/Mongoose_W2/SPI/deps/azure/include"
mount from "/c/Users/juano/Escritorio/Mongoose_W2/SPI/deps/ota-common/include" to "/c/Users/juano/Escritorio/Mongoose_W2/SPI/deps/ota-common/include"
mount from "/c/Users/juano/Escritorio/Mongoose_W2/SPI/deps/ota-http-client/include" to "/c/Users/juano/Escritorio/Mongoose_W2/SPI/deps/ota-http-client/include"
mount from "/c/Users/juano/Escritorio/Mongoose_W2/SPI/deps/rpc-common/include/mg_rpc" to "/c/Users/juano/Escritorio/Mongoose_W2/SPI/deps/rpc-common/include/mg_rpc"
mount from "/c/Users/juano/Escritorio/Mongoose_W2/SPI/deps/rpc-common/include" to "/c/Users/juano/Escritorio/Mongoose_W2/SPI/deps/rpc-common/include"
mount from "/c/Users/juano/Escritorio/Mongoose_W2/SPI/deps/dash/include" to "/c/Users/juano/Escritorio/Mongoose_W2/SPI/deps/dash/include"
mount from "/c/Users/juano/Escritorio/Mongoose_W2/SPI/deps/dht/include" to "/c/Users/juano/Escritorio/Mongoose_W2/SPI/deps/dht/include"
mount from "/c/Users/juano/Escritorio/Mongoose_W2/SPI/deps/http-server/include" to "/c/Users/juano/Escritorio/Mongoose_W2/SPI/deps/http-server/include"
mount from "/c/Users/juano/Escritorio/Mongoose_W2/SPI/deps/dns-sd/include" to "/c/Users/juano/Escritorio/Mongoose_W2/SPI/deps/dns-sd/include"
mount from "/c/Users/juano/Escritorio/Mongoose_W2/SPI/deps/neopixel/include" to "/c/Users/juano/Escritorio/Mongoose_W2/SPI/deps/neopixel/include"
mount from "/c/Users/juano/Escritorio/Mongoose_W2/SPI/deps/pwm/include" to "/c/Users/juano/Escritorio/Mongoose_W2/SPI/deps/pwm/include"
mount from "/c/Users/juano/Escritorio/Mongoose_W2/SPI/deps/rpc-loopback/include" to "/c/Users/juano/Escritorio/Mongoose_W2/SPI/deps/rpc-loopback/include"
mount from "/c/Users/juano/Escritorio/Mongoose_W2/SPI/deps/rpc-mqtt/include" to "/c/Users/juano/Escritorio/Mongoose_W2/SPI/deps/rpc-mqtt/include"
mount from "/c/Users/juano/Escritorio/Mongoose_W2/SPI/deps/rpc-service-config/include" to "/c/Users/juano/Escritorio/Mongoose_W2/SPI/deps/rpc-service-config/include"
mount from "/c/Users/juano/Escritorio/Mongoose_W2/SPI/deps/rpc-service-fs/include" to "/c/Users/juano/Escritorio/Mongoose_W2/SPI/deps/rpc-service-fs/include"
mount from "/c/Users/juano/Escritorio/Mongoose_W2/SPI/deps/rpc-service-gpio/include" to "/c/Users/juano/Escritorio/Mongoose_W2/SPI/deps/rpc-service-gpio/include"
mount from "/c/Users/juano/Escritorio/Mongoose_W2/SPI/deps/rpc-service-i2c/include" to "/c/Users/juano/Escritorio/Mongoose_W2/SPI/deps/rpc-service-i2c/include"
mount from "/c/Users/juano/Escritorio/Mongoose_W2/SPI/deps/rpc-service-ota/include" to "/c/Users/juano/Escritorio/Mongoose_W2/SPI/deps/rpc-service-ota/include"
mount from "/c/Users/juano/Escritorio/Mongoose_W2/SPI/deps/wifi/include" to "/c/Users/juano/Escritorio/Mongoose_W2/SPI/deps/wifi/include"
mount from "/c/Users/juano/Escritorio/Mongoose_W2/SPI/deps/rpc-uart/include" to "/c/Users/juano/Escritorio/Mongoose_W2/SPI/deps/rpc-uart/include"
mount from "/c/Users/juano/Escritorio/Mongoose_W2/SPI/deps/spi/include" to "/c/Users/juano/Escritorio/Mongoose_W2/SPI/deps/spi/include"
mount from "/c/Users/juano/Escritorio/Mongoose_W2/SPI/deps/vfs-dev-spi-flash/include" to "/c/Users/juano/Escritorio/Mongoose_W2/SPI/deps/vfs-dev-spi-flash/include"
mount from "/c/Users/juano/Escritorio/Mongoose_W2/SPI/deps/watson/include" to "/c/Users/juano/Escritorio/Mongoose_W2/SPI/deps/watson/include"
mount from "/c/Users/juano/Escritorio/Mongoose_W2/SPI/deps/mjs/include" to "/c/Users/juano/Escritorio/Mongoose_W2/SPI/deps/mjs/include"
mount from "/c/Users/juano/Escritorio/Mongoose_W2/SPI/deps/ca-bundle/fs" to "/c/Users/juano/Escritorio/Mongoose_W2/SPI/deps/ca-bundle/fs"
mount from "/c/Users/juano/Escritorio/Mongoose_W2/SPI/deps/mjs/fs" to "/c/Users/juano/Escritorio/Mongoose_W2/SPI/deps/mjs/fs"
mount from "/c/Users/juano/Escritorio/Mongoose_W2/SPI/deps/mjs_module/mjs/lib" to "/c/Users/juano/Escritorio/Mongoose_W2/SPI/deps/mjs_module/mjs/lib"
mount from "/c/Users/juano/Escritorio/Mongoose_W2/SPI/deps/adc/mjs_fs" to "/c/Users/juano/Escritorio/Mongoose_W2/SPI/deps/adc/mjs_fs"
mount from "/c/Users/juano/Escritorio/Mongoose_W2/SPI/deps/i2c/mjs_fs" to "/c/Users/juano/Escritorio/Mongoose_W2/SPI/deps/i2c/mjs_fs"
mount from "/c/Users/juano/Escritorio/Mongoose_W2/SPI/deps/mqtt/mjs_fs" to "/c/Users/juano/Escritorio/Mongoose_W2/SPI/deps/mqtt/mjs_fs"
mount from "/c/Users/juano/Escritorio/Mongoose_W2/SPI/deps/shadow/mjs_fs" to "/c/Users/juano/Escritorio/Mongoose_W2/SPI/deps/shadow/mjs_fs"
mount from "/c/Users/juano/Escritorio/Mongoose_W2/SPI/deps/aws/mjs_fs" to "/c/Users/juano/Escritorio/Mongoose_W2/SPI/deps/aws/mjs_fs"
mount from "/c/Users/juano/Escritorio/Mongoose_W2/SPI/deps/azure/mjs_fs" to "/c/Users/juano/Escritorio/Mongoose_W2/SPI/deps/azure/mjs_fs"
mount from "/c/Users/juano/Escritorio/Mongoose_W2/SPI/deps/ota-http-client/mjs_fs" to "/c/Users/juano/Escritorio/Mongoose_W2/SPI/deps/ota-http-client/mjs_fs"
mount from "/c/Users/juano/Escritorio/Mongoose_W2/SPI/deps/rpc-common/mjs_fs" to "/c/Users/juano/Escritorio/Mongoose_W2/SPI/deps/rpc-common/mjs_fs"
mount from "/c/Users/juano/Escritorio/Mongoose_W2/SPI/deps/dht/mjs_fs" to "/c/Users/juano/Escritorio/Mongoose_W2/SPI/deps/dht/mjs_fs"
mount from "/c/Users/juano/Escritorio/Mongoose_W2/SPI/deps/neopixel/mjs_fs" to "/c/Users/juano/Escritorio/Mongoose_W2/SPI/deps/neopixel/mjs_fs"
mount from "/c/Users/juano/Escritorio/Mongoose_W2/SPI/deps/pwm/mjs_fs" to "/c/Users/juano/Escritorio/Mongoose_W2/SPI/deps/pwm/mjs_fs"
mount from "/c/Users/juano/Escritorio/Mongoose_W2/SPI/deps/wifi/mjs_fs" to "/c/Users/juano/Escritorio/Mongoose_W2/SPI/deps/wifi/mjs_fs"
mount from "/c/Users/juano/Escritorio/Mongoose_W2/SPI/deps/spi/mjs_fs" to "/c/Users/juano/Escritorio/Mongoose_W2/SPI/deps/spi/mjs_fs"
mount from "/c/Users/juano/Escritorio/Mongoose_W2/SPI/deps/watson/mjs_fs" to "/c/Users/juano/Escritorio/Mongoose_W2/SPI/deps/watson/mjs_fs"
mount from "/c/Users/juano/Escritorio/Mongoose_W2/SPI/deps/mjs/esp8266/fs" to "/c/Users/juano/Escritorio/Mongoose_W2/SPI/deps/mjs/esp8266/fs"
mount from "/c/Users/juano/Escritorio/Mongoose_W2/SPI/fs" to "/c/Users/juano/Escritorio/Mongoose_W2/SPI/fs"
mount from "/c/Users/juano/Escritorio/Mongoose_W2/SPI/deps/mongoose/lib/esp8266" to "/c/Users/juano/Escritorio/Mongoose_W2/SPI/deps/mongoose/lib/esp8266"
mount from "/c/Users/juano/Escritorio/Mongoose_W2/SPI/deps/ota-http-client/lib/esp8266" to "/c/Users/juano/Escritorio/Mongoose_W2/SPI/deps/ota-http-client/lib/esp8266"
mount from "/c/Users/juano/Escritorio/Mongoose_W2/SPI/deps/ota-shadow/lib/esp8266" to "/c/Users/juano/Escritorio/Mongoose_W2/SPI/deps/ota-shadow/lib/esp8266"
mount from "/c/Users/juano/Escritorio/Mongoose_W2/SPI/deps/dash/lib/esp8266" to "/c/Users/juano/Escritorio/Mongoose_W2/SPI/deps/dash/lib/esp8266"
mount from "/c/Users/juano/Escritorio/Mongoose_W2/SPI/deps/ota-http-server/lib/esp8266" to "/c/Users/juano/Escritorio/Mongoose_W2/SPI/deps/ota-http-server/lib/esp8266"
mount from "/c/Users/juano/Escritorio/Mongoose_W2/SPI/deps/rpc-service-ota/lib/esp8266" to "/c/Users/juano/Escritorio/Mongoose_W2/SPI/deps/rpc-service-ota/lib/esp8266"
mount from "/c/Users/juano/Escritorio/Mongoose_W2/SPI/build/gen" to "/c/Users/juano/Escritorio/Mongoose_W2/SPI/build/gen"
Docker arguments: run --name mos_build_2018-08-09T10-59-13-00_604304020 --rm -i -v /c/Users/juano/Escritorio/Mongoose_W2/SPI/deps/wifi/esp8266/src:/c/Users/juano/Escritorio/Mongoose_W2/SPI/deps/wifi/esp8266/src -v /c/Users/juano/Escritorio/Mongoose_W2/SPI/deps/pwm/include:/c/Users/juano/Escritorio/Mongoose_W2/SPI/deps/pwm/include -v /c/Users/juano/Escritorio/Mongoose_W2/SPI/deps/adc/mjs_fs:/c/Users/juano/Escritorio/Mongoose_W2/SPI/deps/adc/mjs_fs -v /c/Users/juano/Escritorio/Mongoose_W2/SPI/deps/neopixel/mjs_fs:/c/Users/juano/Escritorio/Mongoose_W2/SPI/deps/neopixel/mjs_fs -v /c/Users/juano/Escritorio/Mongoose_W2/SPI/deps/ota-common/include:/c/Users/juano/Escritorio/Mongoose_W2/SPI/deps/ota-common/include -v /c/Users/juano/Escritorio/Mongoose_W2/SPI/deps/mongoose-os:/mongoose-os -v /c/Users/juano/Escritorio/Mongoose_W2/SPI/deps/mongoose-os:/c/Users/juano/Escritorio/Mongoose_W2/SPI/deps/mongoose-os -v /c/Users/juano/Escritorio/Mongoose_W2/SPI/deps/provision/src:/c/Users/juano/Escritorio/Mongoose_W2/SPI/deps/provision/src -v /c/Users/juano/Escritorio/Mongoose_W2/SPI/deps/rpc-service-wifi/src:/c/Users/juano/Escritorio/Mongoose_W2/SPI/deps/rpc-service-wifi/src -v /c/Users/juano/Escritorio/Mongoose_W2/SPI/deps/i2c/src/common_gpio:/c/Users/juano/Escritorio/Mongoose_W2/SPI/deps/i2c/src/common_gpio -v /c/Users/juano/Escritorio/Mongoose_W2/SPI/deps/mjs/include:/c/Users/juano/Escritorio/Mongoose_W2/SPI/deps/mjs/include -v /c/Users/juano/Escritorio/Mongoose_W2/SPI/deps/demo-bundle/src:/c/Users/juano/Escritorio/Mongoose_W2/SPI/deps/demo-bundle/src -v /c/Users/juano/Escritorio/Mongoose_W2/SPI/deps/i2c/include:/c/Users/juano/Escritorio/Mongoose_W2/SPI/deps/i2c/include -v /c/Users/juano/Escritorio/Mongoose_W2/SPI/deps/rpc-service-atca/src:/c/Users/juano/Escritorio/Mongoose_W2/SPI/deps/rpc-service-atca/src -v /c/Users/juano/Escritorio/Mongoose_W2/SPI/deps/js-demo-bundle/src:/c/Users/juano/Escritorio/Mongoose_W2/SPI/deps/js-demo-bundle/src -v /c/Users/juano/Escritorio/Mongoose_W2/SPI/deps/watson/mjs_fs:/c/Users/juano/Escritorio/Mongoose_W2/SPI/deps/watson/mjs_fs -v /c/Users/juano/Escritorio/Mongoose_W2/SPI/deps/rpc-common/include:/c/Users/juano/Escritorio/Mongoose_W2/SPI/deps/rpc-common/include -v /c/Users/juano/Escritorio/Mongoose_W2/SPI/deps/vfs-common/src:/c/Users/juano/Escritorio/Mongoose_W2/SPI/deps/vfs-common/src -v /c/Users/juano/Escritorio/Mongoose_W2/SPI/deps/dht/src:/c/Users/juano/Escritorio/Mongoose_W2/SPI/deps/dht/src -v /c/Users/juano/Escritorio/Mongoose_W2/SPI/deps/vfs-common/include:/c/Users/juano/Escritorio/Mongoose_W2/SPI/deps/vfs-common/include -v /c/Users/juano/Escritorio/Mongoose_W2/SPI/deps/azure/include:/c/Users/juano/Escritorio/Mongoose_W2/SPI/deps/azure/include -v /c/Users/juano/Escritorio/Mongoose_W2/SPI/deps/rpc-common/src:/c/Users/juano/Escritorio/Mongoose_W2/SPI/deps/rpc-common/src -v /c/Users/juano/Escritorio/Mongoose_W2/SPI/deps/mjs/src:/c/Users/juano/Escritorio/Mongoose_W2/SPI/deps/mjs/src -v /c/Users/juano/Escritorio/Mongoose_W2/SPI/deps/core/include/esp8266:/c/Users/juano/Escritorio/Mongoose_W2/SPI/deps/core/include/esp8266 -v /c/Users/juano/Escritorio/Mongoose_W2/SPI/deps/spi/mjs_fs:/c/Users/juano/Escritorio/Mongoose_W2/SPI/deps/spi/mjs_fs -v /c/Users/juano/Escritorio/Mongoose_W2/SPI/deps/mjs/esp8266/fs:/c/Users/juano/Escritorio/Mongoose_W2/SPI/deps/mjs/esp8266/fs -v /c/Users/juano/Escritorio/Mongoose_W2/SPI/deps/vfs-fs-spiffs/src:/c/Users/juano/Escritorio/Mongoose_W2/SPI/deps/vfs-fs-spiffs/src -v /c/Users/juano/Escritorio/Mongoose_W2/SPI/deps/aws/src:/c/Users/juano/Escritorio/Mongoose_W2/SPI/deps/aws/src -v /c/Users/juano/Escritorio/Mongoose_W2/SPI/deps/rpc-mqtt/include:/c/Users/juano/Escritorio/Mongoose_W2/SPI/deps/rpc-mqtt/include -v /c/Users/juano/Escritorio/Mongoose_W2/SPI/deps/rpc-service-i2c/include:/c/Users/juano/Escritorio/Mongoose_W2/SPI/deps/rpc-service-i2c/include -v /c/Users/juano/Escritorio/Mongoose_W2/SPI/deps/dns-sd/src/lwip:/c/Users/juano/Escritorio/Mongoose_W2/SPI/deps/dns-sd/src/lwip -v /c/Users/juano/Escritorio/Mongoose_W2/SPI/deps/core/include:/c/Users/juano/Escritorio/Mongoose_W2/SPI/deps/core/include -v /c/Users/juano/Escritorio/Mongoose_W2/SPI/deps/rpc-service-ota/include:/c/Users/juano/Escritorio/Mongoose_W2/SPI/deps/rpc-service-ota/include -v /c/Users/juano/Escritorio/Mongoose_W2/SPI/deps/vfs-dev-spi-flash/include:/c/Users/juano/Escritorio/Mongoose_W2/SPI/deps/vfs-dev-spi-flash/include -v /c/Users/juano/Escritorio/Mongoose_W2/SPI/deps/aws/mjs_fs:/c/Users/juano/Escritorio/Mongoose_W2/SPI/deps/aws/mjs_fs -v /c/Users/juano/Escritorio/Mongoose_W2/SPI/deps/ota-http-client/mjs_fs:/c/Users/juano/Escritorio/Mongoose_W2/SPI/deps/ota-http-client/mjs_fs -v /c/Users/juano/Escritorio/Mongoose_W2/SPI/deps/shadow/include:/c/Users/juano/Escritorio/Mongoose_W2/SPI/deps/shadow/include -v /c/Users/juano/Escritorio/Mongoose_W2/SPI/deps/mjs/fs:/c/Users/juano/Escritorio/Mongoose_W2/SPI/deps/mjs/fs -v /c/Users/juano/Escritorio/Mongoose_W2/SPI/deps/rpc-service-config/src:/c/Users/juano/Escritorio/Mongoose_W2/SPI/deps/rpc-service-config/src -v /c/Users/juano/Escritorio/Mongoose_W2/SPI/deps/spi/src:/c/Users/juano/Escritorio/Mongoose_W2/SPI/deps/spi/src -v /c/Users/juano/Escritorio/Mongoose_W2/SPI/deps/vfs-common/include/esp8266:/c/Users/juano/Escritorio/Mongoose_W2/SPI/deps/vfs-common/include/esp8266 -v /c/Users/juano/Escritorio/Mongoose_W2/SPI/deps/vfs-dev-part/include:/c/Users/juano/Escritorio/Mongoose_W2/SPI/deps/vfs-dev-part/include -v /c/Users/juano/Escritorio/Mongoose_W2/SPI:/app -v /c/Users/juano/Escritorio/Mongoose_W2/SPI/deps/dns-sd/src:/c/Users/juano/Escritorio/Mongoose_W2/SPI/deps/dns-sd/src -v /c/Users/juano/Escritorio/Mongoose_W2/SPI/deps/rpc-azure/src:/c/Users/juano/Escritorio/Mongoose_W2/SPI/deps/rpc-azure/src -v /c/Users/juano/Escritorio/Mongoose_W2/SPI/deps/vfs-dev-part/src:/c/Users/juano/Escritorio/Mongoose_W2/SPI/deps/vfs-dev-part/src -v /c/Users/juano/Escritorio/Mongoose_W2/SPI/deps/vfs-fs-spiffs/include/spiffs:/c/Users/juano/Escritorio/Mongoose_W2/SPI/deps/vfs-fs-spiffs/include/spiffs -v /c/Users/juano/Escritorio/Mongoose_W2/SPI/deps/dht/include:/c/Users/juano/Escritorio/Mongoose_W2/SPI/deps/dht/include -v /c/Users/juano/Escritorio/Mongoose_W2/SPI/deps/rpc-loopback/include:/c/Users/juano/Escritorio/Mongoose_W2/SPI/deps/rpc-loopback/include -v /c/Users/juano/Escritorio/Mongoose_W2/SPI/deps/ota-http-server/lib/esp8266:/c/Users/juano/Escritorio/Mongoose_W2/SPI/deps/ota-http-server/lib/esp8266 -v /c/Users/juano/Escritorio/Mongoose_W2/SPI/deps/mqtt/src:/c/Users/juano/Escritorio/Mongoose_W2/SPI/deps/mqtt/src -v /c/Users/juano/Escritorio/Mongoose_W2/SPI/deps/adc/include:/c/Users/juano/Escritorio/Mongoose_W2/SPI/deps/adc/include -v /c/Users/juano/Escritorio/Mongoose_W2/SPI/deps/adc/esp8266/include:/c/Users/juano/Escritorio/Mongoose_W2/SPI/deps/adc/esp8266/include -v /c/Users/juano/Escritorio/Mongoose_W2/SPI/deps/vfs-fs-spiffs/include:/c/Users/juano/Escritorio/Mongoose_W2/SPI/deps/vfs-fs-spiffs/include -v /c/Users/juano/Escritorio/Mongoose_W2/SPI/deps/vfs-dev-spi-flash/src:/c/Users/juano/Escritorio/Mongoose_W2/SPI/deps/vfs-dev-spi-flash/src -v /c/Users/juano/Escritorio/Mongoose_W2/SPI/deps/mqtt/include:/c/Users/juano/Escritorio/Mongoose_W2/SPI/deps/mqtt/include -v /c/Users/juano/Escritorio/Mongoose_W2/SPI/deps/azure/mjs_fs:/c/Users/juano/Escritorio/Mongoose_W2/SPI/deps/azure/mjs_fs -v /c/Users/juano/Escritorio/Mongoose_W2/SPI/deps/gcp/src:/c/Users/juano/Escritorio/Mongoose_W2/SPI/deps/gcp/src -v /c/Users/juano/Escritorio/Mongoose_W2/SPI/deps/pwm/src:/c/Users/juano/Escritorio/Mongoose_W2/SPI/deps/pwm/src -v /c/Users/juano/Escritorio/Mongoose_W2/SPI/deps/ota-shadow/lib/esp8266:/c/Users/juano/Escritorio/Mongoose_W2/SPI/deps/ota-shadow/lib/esp8266 -v /c/Users/juano/Escritorio/Mongoose_W2/SPI/build:/c/Users/juano/Escritorio/Mongoose_W2/SPI/build -v /c/Users/juano/Escritorio/Mongoose_W2/SPI/deps/mjs_module/mjs/lib:/c/Users/juano/Escritorio/Mongoose_W2/SPI/deps/mjs_module/mjs/lib -v /c/Users/juano/Escritorio/Mongoose_W2/SPI/deps/spi/include:/c/Users/juano/Escritorio/Mongoose_W2/SPI/deps/spi/include -v /c/Users/juano/Escritorio/Mongoose_W2/SPI/deps/http-server/include:/c/Users/juano/Escritorio/Mongoose_W2/SPI/deps/http-server/include -v /c/Users/juano/Escritorio/Mongoose_W2/SPI/deps/wifi/include:/c/Users/juano/Escritorio/Mongoose_W2/SPI/deps/wifi/include -v /c/Users/juano/Escritorio/Mongoose_W2/SPI/deps/i2c/src:/c/Users/juano/Escritorio/Mongoose_W2/SPI/deps/i2c/src -v /c/Users/juano/Escritorio/Mongoose_W2/SPI/deps/shadow/src:/c/Users/juano/Escritorio/Mongoose_W2/SPI/deps/shadow/src -v /c/Users/juano/Escritorio/Mongoose_W2/SPI/deps/ota-common/src/esp8266:/c/Users/juano/Escritorio/Mongoose_W2/SPI/deps/ota-common/src/esp8266 -v /c/Users/juano/Escritorio/Mongoose_W2/SPI/deps/rpc-common/src/mg_rpc:/c/Users/juano/Escritorio/Mongoose_W2/SPI/deps/rpc-common/src/mg_rpc -v /c/Users/juano/Escritorio/Mongoose_W2/SPI/deps/watson/include:/c/Users/juano/Escritorio/Mongoose_W2/SPI/deps/watson/include -v /c/Users/juano/Escritorio/Mongoose_W2/SPI/deps/rpc-common/mjs_fs:/c/Users/juano/Escritorio/Mongoose_W2/SPI/deps/rpc-common/mjs_fs -v /c/Users/juano/Escritorio/Mongoose_W2/SPI/deps/dht/mjs_fs:/c/Users/juano/Escritorio/Mongoose_W2/SPI/deps/dht/mjs_fs -v /c/Users/juano/Escritorio/Mongoose_W2/SPI/deps/wifi/mjs_fs:/c/Users/juano/Escritorio/Mongoose_W2/SPI/deps/wifi/mjs_fs -v /c/Users/juano/Escritorio/Mongoose_W2/SPI/deps/sntp/src:/c/Users/juano/Escritorio/Mongoose_W2/SPI/deps/sntp/src -v /c/Users/juano/Escritorio/Mongoose_W2/SPI/deps/http-server/src:/c/Users/juano/Escritorio/Mongoose_W2/SPI/deps/http-server/src -v /c/Users/juano/Escritorio/Mongoose_W2/SPI/deps/pwm/src/esp8266:/c/Users/juano/Escritorio/Mongoose_W2/SPI/deps/pwm/src/esp8266 -v /c/Users/juano/Escritorio/Mongoose_W2/SPI/deps/rpc-common/include/mg_rpc:/c/Users/juano/Escritorio/Mongoose_W2/SPI/deps/rpc-common/include/mg_rpc -v /c/Users/juano/Escritorio/Mongoose_W2/SPI/fs:/c/Users/juano/Escritorio/Mongoose_W2/SPI/fs -v /c/Users/juano/Escritorio/Mongoose_W2/SPI/deps/ota-http-client/lib/esp8266:/c/Users/juano/Escritorio/Mongoose_W2/SPI/deps/ota-http-client/lib/esp8266 -v /c/Users/juano/Escritorio/Mongoose_W2/SPI/deps/rpc-loopback/src:/c/Users/juano/Escritorio/Mongoose_W2/SPI/deps/rpc-loopback/src -v /c/Users/juano/Escritorio/Mongoose_W2/SPI/deps/rpc-mqtt/src:/c/Users/juano/Escritorio/Mongoose_W2/SPI/deps/rpc-mqtt/src -v /c/Users/juano/Escritorio/Mongoose_W2/SPI/deps/rpc-service-config/include:/c/Users/juano/Escritorio/Mongoose_W2/SPI/deps/rpc-service-config/include -v /c/Users/juano/Escritorio/Mongoose_W2/SPI/deps/pwm/mjs_fs:/c/Users/juano/Escritorio/Mongoose_W2/SPI/deps/pwm/mjs_fs -v /c/Users/juano/Escritorio/Mongoose_W2/SPI/deps/ca-bundle/fs:/c/Users/juano/Escritorio/Mongoose_W2/SPI/deps/ca-bundle/fs -v /c/Users/juano/Escritorio/Mongoose_W2/SPI/deps/i2c/mjs_fs:/c/Users/juano/Escritorio/Mongoose_W2/SPI/deps/i2c/mjs_fs -v /c/Users/juano/Escritorio/Mongoose_W2/SPI/deps/dash/lib/esp8266:/c/Users/juano/Escritorio/Mongoose_W2/SPI/deps/dash/lib/esp8266 -v /c/Users/juano/Escritorio/Mongoose_W2/SPI/deps/vfs-common/src/esp8266:/c/Users/juano/Escritorio/Mongoose_W2/SPI/deps/vfs-common/src/esp8266 -v /c/Users/juano/Escritorio/Mongoose_W2/SPI/deps/atca/src:/c/Users/juano/Escritorio/Mongoose_W2/SPI/deps/atca/src -v /c/Users/juano/Escritorio/Mongoose_W2/SPI/deps/mjs/esp8266/src:/c/Users/juano/Escritorio/Mongoose_W2/SPI/deps/mjs/esp8266/src -v /c/Users/juano/Escritorio/Mongoose_W2/SPI/deps/rpc-uart/include:/c/Users/juano/Escritorio/Mongoose_W2/SPI/deps/rpc-uart/include -v /c/Users/juano/Escritorio/Mongoose_W2/SPI/deps/vfs-fs-spiffs/src/spiffs:/c/Users/juano/Escritorio/Mongoose_W2/SPI/deps/vfs-fs-spiffs/src/spiffs -v /c/Users/juano/Escritorio/Mongoose_W2/SPI/deps/mongoose/include:/c/Users/juano/Escritorio/Mongoose_W2/SPI/deps/mongoose/include -v /c/Users/juano/Escritorio/Mongoose_W2/SPI/deps/mongoose/lib/esp8266:/c/Users/juano/Escritorio/Mongoose_W2/SPI/deps/mongoose/lib/esp8266 -v /c/Users/juano/Escritorio/Mongoose_W2/SPI/deps/azure/src:/c/Users/juano/Escritorio/Mongoose_W2/SPI/deps/azure/src -v /c/Users/juano/Escritorio/Mongoose_W2/SPI/deps/rpc-service-i2c/src:/c/Users/juano/Escritorio/Mongoose_W2/SPI/deps/rpc-service-i2c/src -v /c/Users/juano/Escritorio/Mongoose_W2/SPI/deps/rpc-uart/src:/c/Users/juano/Escritorio/Mongoose_W2/SPI/deps/rpc-uart/src -v /c/Users/juano/Escritorio/Mongoose_W2/SPI/deps/rpc-service-fs/include:/c/Users/juano/Escritorio/Mongoose_W2/SPI/deps/rpc-service-fs/include -v /c/Users/juano/Escritorio/Mongoose_W2/SPI/deps/neopixel/src:/c/Users/juano/Escritorio/Mongoose_W2/SPI/deps/neopixel/src -v /c/Users/juano/Escritorio/Mongoose_W2/SPI/deps/vfs-fs-spiffs/include/esp8266:/c/Users/juano/Escritorio/Mongoose_W2/SPI/deps/vfs-fs-spiffs/include/esp8266 -v /c/Users/juano/Escritorio/Mongoose_W2/SPI/deps/adc/esp8266/src:/c/Users/juano/Escritorio/Mongoose_W2/SPI/deps/adc/esp8266/src -v /c/Users/juano/Escritorio/Mongoose_W2/SPI/deps/wifi/src:/c/Users/juano/Escritorio/Mongoose_W2/SPI/deps/wifi/src -v /c/Users/juano/Escritorio/Mongoose_W2/SPI/deps/mjs_module:/c/Users/juano/Escritorio/Mongoose_W2/SPI/deps/mjs_module -v /c/Users/juano/Escritorio/Mongoose_W2/SPI/deps/atca/include:/c/Users/juano/Escritorio/Mongoose_W2/SPI/deps/atca/include -v /c/Users/juano/Escritorio/Mongoose_W2/SPI/deps/core/src/esp8266:/c/Users/juano/Escritorio/Mongoose_W2/SPI/deps/core/src/esp8266 -v /c/Users/juano/Escritorio/Mongoose_W2/SPI/deps/watson/src:/c/Users/juano/Escritorio/Mongoose_W2/SPI/deps/watson/src -v /c/Users/juano/Escritorio/Mongoose_W2/SPI/deps/ota-http-client/include:/c/Users/juano/Escritorio/Mongoose_W2/SPI/deps/ota-http-client/include -v /c/Users/juano/Escritorio/Mongoose_W2/SPI/deps/mqtt/mjs_fs:/c/Users/juano/Escritorio/Mongoose_W2/SPI/deps/mqtt/mjs_fs -v /c/Users/juano/Escritorio/Mongoose_W2/SPI/build/gen:/c/Users/juano/Escritorio/Mongoose_W2/SPI/build/gen -v /c/Users/juano/Escritorio/Mongoose_W2/SPI/deps/aws/include:/c/Users/juano/Escritorio/Mongoose_W2/SPI/deps/aws/include -v /c/Users/juano/Escritorio/Mongoose_W2/SPI/deps/neopixel/include:/c/Users/juano/Escritorio/Mongoose_W2/SPI/deps/neopixel/include -v /c/Users/juano/Escritorio/Mongoose_W2/SPI/deps/rpc-service-gpio/include:/c/Users/juano/Escritorio/Mongoose_W2/SPI/deps/rpc-service-gpio/include -v /c/Users/juano/Escritorio/Mongoose_W2/SPI/deps/core/src:/c/Users/juano/Escritorio/Mongoose_W2/SPI/deps/core/src -v /c/Users/juano/Escritorio/Mongoose_W2/SPI/deps/ota-common/src:/c/Users/juano/Escritorio/Mongoose_W2/SPI/deps/ota-common/src -v /c/Users/juano/Escritorio/Mongoose_W2/SPI/deps/rpc-service-ota/lib/esp8266:/c/Users/juano/Escritorio/Mongoose_W2/SPI/deps/rpc-service-ota/lib/esp8266 -v /c/Users/juano/Escritorio/Mongoose_W2/SPI/deps/rpc-service-gpio/src:/c/Users/juano/Escritorio/Mongoose_W2/SPI/deps/rpc-service-gpio/src -v /c/Users/juano/Escritorio/Mongoose_W2/SPI/deps/shadow/mjs_fs:/c/Users/juano/Escritorio/Mongoose_W2/SPI/deps/shadow/mjs_fs -v /c/Users/juano/Escritorio/Mongoose_W2/SPI/deps/rpc-service-fs/src:/c/Users/juano/Escritorio/Mongoose_W2/SPI/deps/rpc-service-fs/src -v /c/Users/juano/Escritorio/Mongoose_W2/SPI/deps/spi/src/common_gpio:/c/Users/juano/Escritorio/Mongoose_W2/SPI/deps/spi/src/common_gpio -v /c/Users/juano/Escritorio/Mongoose_W2/SPI/deps/dash/include:/c/Users/juano/Escritorio/Mongoose_W2/SPI/deps/dash/include -v /c/Users/juano/Escritorio/Mongoose_W2/SPI/deps/dns-sd/include:/c/Users/juano/Escritorio/Mongoose_W2/SPI/deps/dns-sd/include docker.io/mgos/esp8266-build:2.2.1-1.5.0-r3 /bin/bash -c nice make '-j' '4' '-C' '/app' '-f' '/mongoose-os/fw/platforms/esp8266/Makefile.build' 'all' 'APP=SPI' 'APP_BIN_LIBS=/c/Users/juano/Escritorio/Mongoose_W2/SPI/deps/mongoose/lib/esp8266/libmongoose.a /c/Users/juano/Escritorio/Mongoose_W2/SPI/deps/ota-http-client/lib/esp8266/libota-http-client.a /c/Users/juano/Escritorio/Mongoose_W2/SPI/deps/ota-shadow/lib/esp8266/libota-shadow.a /c/Users/juano/Escritorio/Mongoose_W2/SPI/deps/dash/lib/esp8266/libdash.a /c/Users/juano/Escritorio/Mongoose_W2/SPI/deps/ota-http-server/lib/esp8266/libota-http-server.a /c/Users/juano/Escritorio/Mongoose_W2/SPI/deps/rpc-service-ota/lib/esp8266/librpc-service-ota.a' 'APP_CFLAGS=-DMGOS_DNS_SD_HIDE_ADDITIONAL_INFO=0 -DMGOS_ENABLE_FILE_UPLOAD=1 -DMGOS_ENABLE_RPC_CHANNEL_HTTP=1 -DMGOS_ENABLE_RPC_CHANNEL_WS=1 -DMGOS_ENABLE_SYS_SERVICE=1 -DMGOS_ENABLE_TUNNEL=0 -DMGOS_ENABLE_WEB_CONFIG=0 -DMGOS_HAVE_ADC=1 -DMGOS_HAVE_ATCA=1 -DMGOS_HAVE_AWS=1 -DMGOS_HAVE_AZURE=1 -DMGOS_HAVE_CA_BUNDLE=1 -DMGOS_HAVE_CORE=1 -DMGOS_HAVE_DASH=1 -DMGOS_HAVE_DEMO_BUNDLE=1 -DMGOS_HAVE_DHT=1 -DMGOS_HAVE_DNS_SD=1 -DMGOS_HAVE_GCP=1 -DMGOS_HAVE_HTTP_SERVER=1 -DMGOS_HAVE_I2C=1 -DMGOS_HAVE_JS_DEMO_BUNDLE=1 -DMGOS_HAVE_MJS=1 -DMGOS_HAVE_MONGOOSE=1 -DMGOS_HAVE_MQTT=1 -DMGOS_HAVE_NEOPIXEL=1 -DMGOS_HAVE_OTA_COMMON=1 -DMGOS_HAVE_OTA_HTTP_CLIENT=1 -DMGOS_HAVE_OTA_HTTP_SERVER=1 -DMGOS_HAVE_OTA_SHADOW=1 -DMGOS_HAVE_PROVISION=1 -DMGOS_HAVE_PWM=1 -DMGOS_HAVE_RPC_AZURE=1 -DMGOS_HAVE_RPC_COMMON=1 -DMGOS_HAVE_RPC_LOOPBACK=1 -DMGOS_HAVE_RPC_MQTT=1 -DMGOS_HAVE_RPC_SERVICE_ATCA=1 -DMGOS_HAVE_RPC_SERVICE_CONFIG=1 -DMGOS_HAVE_RPC_SERVICE_FS=1 -DMGOS_HAVE_RPC_SERVICE_GPIO=1 -DMGOS_HAVE_RPC_SERVICE_I2C=1 -DMGOS_HAVE_RPC_SERVICE_OTA=1 -DMGOS_HAVE_RPC_SERVICE_WIFI=1 -DMGOS_HAVE_RPC_UART=1 -DMGOS_HAVE_SHADOW=1 -DMGOS_HAVE_SNTP=1 -DMGOS_HAVE_SPI=1 -DMGOS_HAVE_VFS_COMMON=1 -DMGOS_HAVE_VFS_DEV_PART=1 -DMGOS_HAVE_VFS_DEV_SPI_FLASH=1 -DMGOS_HAVE_VFS_FS_SPIFFS=1 -DMGOS_HAVE_WATSON=1 -DMGOS_HAVE_WIFI=1 -DMGOS_WIFI_ENABLE_AP_STA=1 -DMG_ENABLE_DNS=1 -DMG_ENABLE_DNS_SERVER=1 -DMG_ENABLE_MQTT=1 -DMG_ENABLE_SNTP=1' 'APP_CONF_SCHEMA=/c/Users/juano/Escritorio/Mongoose_W2/SPI/build/gen/mos_conf_schema.yml' 'APP_CXXFLAGS=-DMGOS_DNS_SD_HIDE_ADDITIONAL_INFO=0 -DMGOS_ENABLE_FILE_UPLOAD=1 -DMGOS_ENABLE_RPC_CHANNEL_HTTP=1 -DMGOS_ENABLE_RPC_CHANNEL_WS=1 -DMGOS_ENABLE_SYS_SERVICE=1 -DMGOS_ENABLE_TUNNEL=0 -DMGOS_ENABLE_WEB_CONFIG=0 -DMGOS_HAVE_ADC=1 -DMGOS_HAVE_ATCA=1 -DMGOS_HAVE_AWS=1 -DMGOS_HAVE_AZURE=1 -DMGOS_HAVE_CA_BUNDLE=1 -DMGOS_HAVE_CORE=1 -DMGOS_HAVE_DASH=1 -DMGOS_HAVE_DEMO_BUNDLE=1 -DMGOS_HAVE_DHT=1 -DMGOS_HAVE_DNS_SD=1 -DMGOS_HAVE_GCP=1 -DMGOS_HAVE_HTTP_SERVER=1 -DMGOS_HAVE_I2C=1 -DMGOS_HAVE_JS_DEMO_BUNDLE=1 -DMGOS_HAVE_MJS=1 -DMGOS_HAVE_MONGOOSE=1 -DMGOS_HAVE_MQTT=1 -DMGOS_HAVE_NEOPIXEL=1 -DMGOS_HAVE_OTA_COMMON=1 -DMGOS_HAVE_OTA_HTTP_CLIENT=1 -DMGOS_HAVE_OTA_HTTP_SERVER=1 -DMGOS_HAVE_OTA_SHADOW=1 -DMGOS_HAVE_PROVISION=1 -DMGOS_HAVE_PWM=1 -DMGOS_HAVE_RPC_AZURE=1 -DMGOS_HAVE_RPC_COMMON=1 -DMGOS_HAVE_RPC_LOOPBACK=1 -DMGOS_HAVE_RPC_MQTT=1 -DMGOS_HAVE_RPC_SERVICE_ATCA=1 -DMGOS_HAVE_RPC_SERVICE_CONFIG=1 -DMGOS_HAVE_RPC_SERVICE_FS=1 -DMGOS_HAVE_RPC_SERVICE_GPIO=1 -DMGOS_HAVE_RPC_SERVICE_I2C=1 -DMGOS_HAVE_RPC_SERVICE_OTA=1 -DMGOS_HAVE_RPC_SERVICE_WIFI=1 -DMGOS_HAVE_RPC_UART=1 -DMGOS_HAVE_SHADOW=1 -DMGOS_HAVE_SNTP=1 -DMGOS_HAVE_SPI=1 -DMGOS_HAVE_VFS_COMMON=1 -DMGOS_HAVE_VFS_DEV_PART=1 -DMGOS_HAVE_VFS_DEV_SPI_FLASH=1 -DMGOS_HAVE_VFS_FS_SPIFFS=1 -DMGOS_HAVE_WATSON=1 -DMGOS_HAVE_WIFI=1 -DMGOS_WIFI_ENABLE_AP_STA=1 -DMG_ENABLE_DNS=1 -DMG_ENABLE_DNS_SERVER=1 -DMG_ENABLE_MQTT=1 -DMG_ENABLE_SNTP=1' 'APP_FS_FILES=/c/Users/juano/Escritorio/Mongoose_W2/SPI/deps/ca-bundle/fs/ca.pem /c/Users/juano/Escritorio/Mongoose_W2/SPI/deps/mjs/fs/api_bitbang.js /c/Users/juano/Escritorio/Mongoose_W2/SPI/deps/mjs/fs/api_config.js /c/Users/juano/Escritorio/Mongoose_W2/SPI/deps/mjs/fs/api_events.js /c/Users/juano/Escritorio/Mongoose_W2/SPI/deps/mjs/fs/api_gpio.js /c/Users/juano/Escritorio/Mongoose_W2/SPI/deps/mjs/fs/api_grove.js /c/Users/juano/Escritorio/Mongoose_W2/SPI/deps/mjs/fs/api_http.js /c/Users/juano/Escritorio/Mongoose_W2/SPI/deps/mjs/fs/api_log.js /c/Users/juano/Escritorio/Mongoose_W2/SPI/deps/mjs/fs/api_net.js /c/Users/juano/Escritorio/Mongoose_W2/SPI/deps/mjs/fs/api_sys.js /c/Users/juano/Escritorio/Mongoose_W2/SPI/deps/mjs/fs/api_timer.js /c/Users/juano/Escritorio/Mongoose_W2/SPI/deps/mjs/fs/api_uart.js /c/Users/juano/Escritorio/Mongoose_W2/SPI/deps/mjs/fs/init.js /c/Users/juano/Escritorio/Mongoose_W2/SPI/deps/mjs_module/mjs/lib/api_dataview.js /c/Users/juano/Escritorio/Mongoose_W2/SPI/deps/mjs_module/mjs/lib/api_file.js /c/Users/juano/Escritorio/Mongoose_W2/SPI/deps/mjs_module/mjs/lib/api_math.js /c/Users/juano/Escritorio/Mongoose_W2/SPI/deps/adc/mjs_fs/api_adc.js /c/Users/juano/Escritorio/Mongoose_W2/SPI/deps/i2c/mjs_fs/api_i2c.js /c/Users/juano/Escritorio/Mongoose_W2/SPI/deps/mqtt/mjs_fs/api_mqtt.js /c/Users/juano/Escritorio/Mongoose_W2/SPI/deps/shadow/mjs_fs/api_shadow.js /c/Users/juano/Escritorio/Mongoose_W2/SPI/deps/aws/mjs_fs/api_aws.js /c/Users/juano/Escritorio/Mongoose_W2/SPI/deps/azure/mjs_fs/api_azure.js /c/Users/juano/Escritorio/Mongoose_W2/SPI/deps/ota-http-client/mjs_fs/api_ota.js /c/Users/juano/Escritorio/Mongoose_W2/SPI/deps/rpc-common/mjs_fs/api_rpc.js /c/Users/juano/Escritorio/Mongoose_W2/SPI/deps/dht/mjs_fs/api_dht.js /c/Users/juano/Escritorio/Mongoose_W2/SPI/deps/neopixel/mjs_fs/api_neopixel.js /c/Users/juano/Escritorio/Mongoose_W2/SPI/deps/pwm/mjs_fs/api_pwm.js /c/Users/juano/Escritorio/Mongoose_W2/SPI/deps/wifi/mjs_fs/api_wifi.js /c/Users/juano/Escritorio/Mongoose_W2/SPI/deps/spi/mjs_fs/api_spi.js /c/Users/juano/Escritorio/Mongoose_W2/SPI/deps/watson/mjs_fs/api_watson.js /c/Users/juano/Escritorio/Mongoose_W2/SPI/deps/mjs/esp8266/fs/api_arch_uart.js /c/Users/juano/Escritorio/Mongoose_W2/SPI/deps/mjs/esp8266/fs/api_esp8266.js /c/Users/juano/Escritorio/Mongoose_W2/SPI/fs/index.html /c/Users/juano/Escritorio/Mongoose_W2/SPI/fs/init.js /c/Users/juano/Escritorio/Mongoose_W2/SPI/fs/zepto.min.js' 'APP_INCLUDES=/c/Users/juano/Escritorio/Mongoose_W2/SPI/deps/adc/include /c/Users/juano/Escritorio/Mongoose_W2/SPI/deps/adc/esp8266/include /c/Users/juano/Escritorio/Mongoose_W2/SPI/deps/vfs-common/include /c/Users/juano/Escritorio/Mongoose_W2/SPI/deps/vfs-common/include/esp8266 /c/Users/juano/Escritorio/Mongoose_W2/SPI/deps/mongoose/include /c/Users/juano/Escritorio/Mongoose_W2/SPI/deps/vfs-dev-part/include /c/Users/juano/Escritorio/Mongoose_W2/SPI/deps/vfs-fs-spiffs/include /c/Users/juano/Escritorio/Mongoose_W2/SPI/deps/vfs-fs-spiffs/include/spiffs /c/Users/juano/Escritorio/Mongoose_W2/SPI/deps/vfs-fs-spiffs/include/esp8266 /c/Users/juano/Escritorio/Mongoose_W2/SPI/deps/core/include /c/Users/juano/Escritorio/Mongoose_W2/SPI/deps/core/include/esp8266 /c/Users/juano/Escritorio/Mongoose_W2/SPI/deps/i2c/include /c/Users/juano/Escritorio/Mongoose_W2/SPI/deps/atca/include /c/Users/juano/Escritorio/Mongoose_W2/SPI/deps/mqtt/include /c/Users/juano/Escritorio/Mongoose_W2/SPI/deps/shadow/include /c/Users/juano/Escritorio/Mongoose_W2/SPI/deps/aws/include /c/Users/juano/Escritorio/Mongoose_W2/SPI/deps/azure/include /c/Users/juano/Escritorio/Mongoose_W2/SPI/deps/ota-common/include /c/Users/juano/Escritorio/Mongoose_W2/SPI/deps/ota-http-client/include /c/Users/juano/Escritorio/Mongoose_W2/SPI/deps/rpc-common/include/mg_rpc /c/Users/juano/Escritorio/Mongoose_W2/SPI/deps/rpc-common/include /c/Users/juano/Escritorio/Mongoose_W2/SPI/deps/dash/include /c/Users/juano/Escritorio/Mongoose_W2/SPI/deps/dht/include /c/Users/juano/Escritorio/Mongoose_W2/SPI/deps/http-server/include /c/Users/juano/Escritorio/Mongoose_W2/SPI/deps/dns-sd/include /c/Users/juano/Escritorio/Mongoose_W2/SPI/deps/neopixel/include /c/Users/juano/Escritorio/Mongoose_W2/SPI/deps/pwm/include /c/Users/juano/Escritorio/Mongoose_W2/SPI/deps/rpc-loopback/include /c/Users/juano/Escritorio/Mongoose_W2/SPI/deps/rpc-mqtt/include /c/Users/juano/Escritorio/Mongoose_W2/SPI/deps/rpc-service-config/include /c/Users/juano/Escritorio/Mongoose_W2/SPI/deps/rpc-service-fs/include /c/Users/juano/Escritorio/Mongoose_W2/SPI/deps/rpc-service-gpio/include /c/Users/juano/Escritorio/Mongoose_W2/SPI/deps/rpc-service-i2c/include /c/Users/juano/Escritorio/Mongoose_W2/SPI/deps/rpc-service-ota/include /c/Users/juano/Escritorio/Mongoose_W2/SPI/deps/wifi/include /c/Users/juano/Escritorio/Mongoose_W2/SPI/deps/rpc-uart/include /c/Users/juano/Escritorio/Mongoose_W2/SPI/deps/spi/include /c/Users/juano/Escritorio/Mongoose_W2/SPI/deps/vfs-dev-spi-flash/include /c/Users/juano/Escritorio/Mongoose_W2/SPI/deps/watson/include /c/Users/juano/Escritorio/Mongoose_W2/SPI/deps/mjs/include' 'APP_SOURCES=/c/Users/juano/Escritorio/Mongoose_W2/SPI/build/gen/mgos_deps_init.c /c/Users/juano/Escritorio/Mongoose_W2/SPI/deps/adc/esp8266/src/esp_adc.c /c/Users/juano/Escritorio/Mongoose_W2/SPI/deps/vfs-common/src/mgos_vfs.c /c/Users/juano/Escritorio/Mongoose_W2/SPI/deps/vfs-common/src/mgos_vfs_dev.c /c/Users/juano/Escritorio/Mongoose_W2/SPI/deps/vfs-common/src/esp8266/esp_flash_writer.c /c/Users/juano/Escritorio/Mongoose_W2/SPI/deps/vfs-common/src/esp8266/esp_fs.c /c/Users/juano/Escritorio/Mongoose_W2/SPI/deps/vfs-common/src/esp8266/esp_vfs_dev_sysflash.c /c/Users/juano/Escritorio/Mongoose_W2/SPI/deps/vfs-dev-part/src/mgos_vfs_dev_part.c /c/Users/juano/Escritorio/Mongoose_W2/SPI/deps/vfs-fs-spiffs/src/mgos_vfs_fs_spiffs.c /c/Users/juano/Escritorio/Mongoose_W2/SPI/deps/vfs-fs-spiffs/src/spiffs/spiffs_cache.c /c/Users/juano/Escritorio/Mongoose_W2/SPI/deps/vfs-fs-spiffs/src/spiffs/spiffs_check.c /c/Users/juano/Escritorio/Mongoose_W2/SPI/deps/vfs-fs-spiffs/src/spiffs/spiffs_gc.c /c/Users/juano/Escritorio/Mongoose_W2/SPI/deps/vfs-fs-spiffs/src/spiffs/spiffs_hydrogen.c /c/Users/juano/Escritorio/Mongoose_W2/SPI/deps/vfs-fs-spiffs/src/spiffs/spiffs_nucleus.c /c/Users/juano/Escritorio/Mongoose_W2/SPI/deps/core/src/mgos_core.c /c/Users/juano/Escritorio/Mongoose_W2/SPI/deps/core/src/esp8266/esp_rboot.c /c/Users/juano/Escritorio/Mongoose_W2/SPI/deps/i2c/src/mgos_i2c.c /c/Users/juano/Escritorio/Mongoose_W2/SPI/deps/i2c/src/common_gpio/mgos_i2c_gpio.c /c/Users/juano/Escritorio/Mongoose_W2/SPI/deps/atca/src/mgos_atca.c /c/Users/juano/Escritorio/Mongoose_W2/SPI/deps/mqtt/src/mgos_mqtt.c /c/Users/juano/Escritorio/Mongoose_W2/SPI/deps/shadow/src/mgos_shadow.c /c/Users/juano/Escritorio/Mongoose_W2/SPI/deps/aws/src/mgos_aws.c /c/Users/juano/Escritorio/Mongoose_W2/SPI/deps/aws/src/mgos_aws_greengrass.c /c/Users/juano/Escritorio/Mongoose_W2/SPI/deps/aws/src/mgos_aws_shadow.c /c/Users/juano/Escritorio/Mongoose_W2/SPI/deps/sntp/src/mgos_sntp.c /c/Users/juano/Escritorio/Mongoose_W2/SPI/deps/azure/src/mgos_azure.c /c/Users/juano/Escritorio/Mongoose_W2/SPI/deps/azure/src/mgos_azure_cm.c /c/Users/juano/Escritorio/Mongoose_W2/SPI/deps/azure/src/mgos_azure_dm.c /c/Users/juano/Escritorio/Mongoose_W2/SPI/deps/azure/src/mgos_azure_sas.c /c/Users/juano/Escritorio/Mongoose_W2/SPI/deps/azure/src/mgos_azure_shadow.c /c/Users/juano/Escritorio/Mongoose_W2/SPI/deps/ota-common/src/mgos_updater_common.c /c/Users/juano/Escritorio/Mongoose_W2/SPI/deps/ota-common/src/esp8266/esp_updater.c /c/Users/juano/Escritorio/Mongoose_W2/SPI/deps/rpc-common/src/mg_rpc/mg_rpc.c /c/Users/juano/Escritorio/Mongoose_W2/SPI/deps/rpc-common/src/mg_rpc/mg_rpc_channel.c /c/Users/juano/Escritorio/Mongoose_W2/SPI/deps/rpc-common/src/mg_rpc/mg_rpc_channel_http.c /c/Users/juano/Escritorio/Mongoose_W2/SPI/deps/rpc-common/src/mg_rpc/mg_rpc_channel_ws.c /c/Users/juano/Escritorio/Mongoose_W2/SPI/deps/rpc-common/src/mgos_rpc.c /c/Users/juano/Escritorio/Mongoose_W2/SPI/deps/dht/src/mgos_dht.c /c/Users/juano/Escritorio/Mongoose_W2/SPI/deps/http-server/src/mgos_http_server.c /c/Users/juano/Escritorio/Mongoose_W2/SPI/deps/dns-sd/src/mgos_dns_sd.c /c/Users/juano/Escritorio/Mongoose_W2/SPI/deps/dns-sd/src/mgos_mdns.c /c/Users/juano/Escritorio/Mongoose_W2/SPI/deps/dns-sd/src/lwip/lwip_mdns.c /c/Users/juano/Escritorio/Mongoose_W2/SPI/deps/gcp/src/mgos_gcp.c /c/Users/juano/Escritorio/Mongoose_W2/SPI/deps/neopixel/src/mgos_neopixel.c /c/Users/juano/Escritorio/Mongoose_W2/SPI/deps/provision/src/mgos_provision.c /c/Users/juano/Escritorio/Mongoose_W2/SPI/deps/pwm/src/mgos_pwm.c /c/Users/juano/Escritorio/Mongoose_W2/SPI/deps/pwm/src/mgos_pwm_rgb_led.c /c/Users/juano/Escritorio/Mongoose_W2/SPI/deps/pwm/src/esp8266/esp_pwm.c /c/Users/juano/Escritorio/Mongoose_W2/SPI/deps/rpc-azure/src/mgos_rpc_channel_azure_dm.c /c/Users/juano/Escritorio/Mongoose_W2/SPI/deps/rpc-loopback/src/mg_rpc_channel_loopback.c /c/Users/juano/Escritorio/Mongoose_W2/SPI/deps/rpc-mqtt/src/mgos_rpc_channel_mqtt.c /c/Users/juano/Escritorio/Mongoose_W2/SPI/deps/rpc-service-atca/src/mgos_atca_service.c /c/Users/juano/Escritorio/Mongoose_W2/SPI/deps/rpc-service-config/src/mgos_service_config.c /c/Users/juano/Escritorio/Mongoose_W2/SPI/deps/rpc-service-fs/src/mgos_service_filesystem.c /c/Users/juano/Escritorio/Mongoose_W2/SPI/deps/rpc-service-gpio/src/mgos_gpio_service.c /c/Users/juano/Escritorio/Mongoose_W2/SPI/deps/rpc-service-i2c/src/mgos_i2c_service.c /c/Users/juano/Escritorio/Mongoose_W2/SPI/deps/wifi/src/mgos_wifi.c /c/Users/juano/Escritorio/Mongoose_W2/SPI/deps/wifi/src/mjs_wifi.c /c/Users/juano/Escritorio/Mongoose_W2/SPI/deps/wifi/esp8266/src/esp_wifi.c /c/Users/juano/Escritorio/Mongoose_W2/SPI/deps/rpc-service-wifi/src/mgos_rpc_service_wifi.c /c/Users/juano/Escritorio/Mongoose_W2/SPI/deps/rpc-uart/src/mgos_rpc_channel_uart.c /c/Users/juano/Escritorio/Mongoose_W2/SPI/deps/spi/src/mgos_spi.c /c/Users/juano/Escritorio/Mongoose_W2/SPI/deps/spi/src/mgos_spi_mjs.c /c/Users/juano/Escritorio/Mongoose_W2/SPI/deps/spi/src/common_gpio/mgos_spi_gpio.c /c/Users/juano/Escritorio/Mongoose_W2/SPI/deps/vfs-dev-spi-flash/src/mgos_vfs_dev_spi_flash.c /c/Users/juano/Escritorio/Mongoose_W2/SPI/deps/watson/src/mgos_watson.c /c/Users/juano/Escritorio/Mongoose_W2/SPI/deps/demo-bundle/src/mgos_demo_bundle.c /c/Users/juano/Escritorio/Mongoose_W2/SPI/deps/mjs/src/mos_mjs.c /c/Users/juano/Escritorio/Mongoose_W2/SPI/deps/mjs_module/mjs.c /c/Users/juano/Escritorio/Mongoose_W2/SPI/deps/mjs/esp8266/src/esp8266_mjs.c /c/Users/juano/Escritorio/Mongoose_W2/SPI/deps/js-demo-bundle/src/mgos_js_demo_bundle.c' 'APP_VERSION=1.0' 'BOARD=' 'BUILD_DIR=/c/Users/juano/Escritorio/Mongoose_W2/SPI/build/objs' 'FFI_SYMBOLS=' 'FS_STAGING_DIR=/c/Users/juano/Escritorio/Mongoose_W2/SPI/build/fs' 'FW_DIR=/c/Users/juano/Escritorio/Mongoose_W2/SPI/build/fw' 'GEN_DIR=/c/Users/juano/Escritorio/Mongoose_W2/SPI/build/gen' 'MANIFEST_FINAL=/c/Users/juano/Escritorio/Mongoose_W2/SPI/build/gen/mos_final.yml' 'MGOS_ENABLE_I2C_GPIO=1' 'MGOS_ENABLE_SPI_GPIO=1' 'MGOS_HAVE_ADC=1' 'MGOS_HAVE_ATCA=1' 'MGOS_HAVE_AWS=1' 'MGOS_HAVE_AZURE=1' 'MGOS_HAVE_CA_BUNDLE=1' 'MGOS_HAVE_CORE=1' 'MGOS_HAVE_DASH=1' 'MGOS_HAVE_DEMO_BUNDLE=1' 'MGOS_HAVE_DHT=1' 'MGOS_HAVE_DNS_SD=1' 'MGOS_HAVE_GCP=1' 'MGOS_HAVE_HTTP_SERVER=1' 'MGOS_HAVE_I2C=1' 'MGOS_HAVE_JS_DEMO_BUNDLE=1' 'MGOS_HAVE_MJS=1' 'MGOS_HAVE_MONGOOSE=1' 'MGOS_HAVE_MQTT=1' 'MGOS_HAVE_NEOPIXEL=1' 'MGOS_HAVE_OTA_COMMON=1' 'MGOS_HAVE_OTA_HTTP_CLIENT=1' 'MGOS_HAVE_OTA_HTTP_SERVER=1' 'MGOS_HAVE_OTA_SHADOW=1' 'MGOS_HAVE_PROVISION=1' 'MGOS_HAVE_PWM=1' 'MGOS_HAVE_RPC_AZURE=1' 'MGOS_HAVE_RPC_COMMON=1' 'MGOS_HAVE_RPC_LOOPBACK=1' 'MGOS_HAVE_RPC_MQTT=1' 'MGOS_HAVE_RPC_SERVICE_ATCA=1' 'MGOS_HAVE_RPC_SERVICE_CONFIG=1' 'MGOS_HAVE_RPC_SERVICE_FS=1' 'MGOS_HAVE_RPC_SERVICE_GPIO=1' 'MGOS_HAVE_RPC_SERVICE_I2C=1' 'MGOS_HAVE_RPC_SERVICE_OTA=1' 'MGOS_HAVE_RPC_SERVICE_WIFI=1' 'MGOS_HAVE_RPC_UART=1' 'MGOS_HAVE_SHADOW=1' 'MGOS_HAVE_SNTP=1' 'MGOS_HAVE_SPI=1' 'MGOS_HAVE_VFS_COMMON=1' 'MGOS_HAVE_VFS_DEV_PART=1' 'MGOS_HAVE_VFS_DEV_SPI_FLASH=1' 'MGOS_HAVE_VFS_FS_SPIFFS=1' 'MGOS_HAVE_WATSON=1' 'MGOS_HAVE_WIFI=1' 'MGOS_PATH=/mongoose-os' 'MGOS_WIFI_ENABLE_AP_STA=1' 'PLATFORM=esp8266'
docker: error during connect: Post https://192.168.99.100:2376/v1.37/containers/create?name=mos_build_2018-08-09T10-59-13-00_604304020: dial tcp 192.168.99.100:2376: connectex: A connection attempt failed because the connected party did not properly respond after a period of time, or established connection failed because connected host has failed to respond.
See 'docker run --help'.
